This is pdfTeX, Version 3.14159265-2.6-1.40.17 (TeX Live 2016/Debian) (preloaded format=pdflatex 2017.3.29)  4 APR 2017 22:24
entering extended mode
 \write18 enabled.
 file:line:error style messages enabled.
 %&-line parsing enabled.
**main.tex
(./main.tex
LaTeX2e <2016/03/31> patch level 3
Babel <3.9r> and hyphenation patterns for 83 language(s) loaded.
(/usr/share/texlive/texmf-dist/tex/latex/base/book.cls
Document Class: book 2014/09/29 v1.4h Standard LaTeX document class
(/usr/share/texlive/texmf-dist/tex/latex/base/fleqn.clo
File: fleqn.clo 2015/03/31 v1.1i Standard LaTeX option (flush left equations)
\mathindent=\dimen102
Applying: [2015/01/01] Make \[ robust on input line 50.
LaTeX Info: Redefining \[ on input line 51.
Already applied: [0000/00/00] Make \[ robust on input line 62.
Applying: [2015/01/01] Make \] robust on input line 74.
LaTeX Info: Redefining \] on input line 75.
Already applied: [0000/00/00] Make \] robust on input line 83.
)
(/usr/share/texlive/texmf-dist/tex/latex/base/bk11.clo
File: bk11.clo 2014/09/29 v1.4h Standard LaTeX file (size option)
)
\c@part=\count79
\c@chapter=\count80
\c@section=\count81
\c@subsection=\count82
\c@subsubsection=\count83
\c@paragraph=\count84
\c@subparagraph=\count85
\c@figure=\count86
\c@table=\count87
\abovecaptionskip=\skip41
\belowcaptionskip=\skip42
\bibindent=\dimen103
)
(/usr/share/texlive/texmf-dist/tex/latex/geometry/geometry.sty
Package: geometry 2010/09/12 v5.6 Page Geometry

(/usr/share/texlive/texmf-dist/tex/latex/graphics/keyval.sty
Package: keyval 2014/10/28 v1.15 key=value parser (DPC)
\KV@toks@=\toks14
)
(/usr/share/texlive/texmf-dist/tex/generic/oberdiek/ifpdf.sty
Package: ifpdf 2016/05/14 v3.1 Provides the ifpdf switch
)
(/usr/share/texlive/texmf-dist/tex/generic/oberdiek/ifvtex.sty
Package: ifvtex 2016/05/16 v1.6 Detect VTeX and its facilities (HO)
Package ifvtex Info: VTeX not detected.
)
(/usr/share/texlive/texmf-dist/tex/generic/ifxetex/ifxetex.sty
Package: ifxetex 2010/09/12 v0.6 Provides ifxetex conditional
)
\Gm@cnth=\count88
\Gm@cntv=\count89
\c@Gm@tempcnt=\count90
\Gm@bindingoffset=\dimen104
\Gm@wd@mp=\dimen105
\Gm@odd@mp=\dimen106
\Gm@even@mp=\dimen107
\Gm@layoutwidth=\dimen108
\Gm@layoutheight=\dimen109
\Gm@layouthoffset=\dimen110
\Gm@layoutvoffset=\dimen111
\Gm@dimlist=\toks15
)
(/usr/share/texlive/texmf-dist/tex/latex/xcolor/xcolor.sty
Package: xcolor 2016/05/11 v2.12 LaTeX color extensions (UK)

(/usr/share/texlive/texmf-dist/tex/latex/graphics-cfg/color.cfg
File: color.cfg 2016/01/02 v1.6 sample color configuration
)
Package xcolor Info: Driver file: pdftex.def on input line 225.

(/usr/share/texlive/texmf-dist/tex/latex/graphics-def/pdftex.def
File: pdftex.def 2016/07/10 v0.06j Graphics/color for pdfTeX

(/usr/share/texlive/texmf-dist/tex/generic/oberdiek/infwarerr.sty
Package: infwarerr 2016/05/16 v1.4 Providing info/warning/error messages (HO)
)
(/usr/share/texlive/texmf-dist/tex/generic/oberdiek/ltxcmds.sty
Package: ltxcmds 2016/05/16 v1.23 LaTeX kernel commands for general use (HO)
)
\Gread@gobject=\count91
)
Package xcolor Info: Model `cmy' substituted by `cmy0' on input line 1348.
Package xcolor Info: Model `hsb' substituted by `rgb' on input line 1352.
Package xcolor Info: Model `RGB' extended on input line 1364.
Package xcolor Info: Model `HTML' substituted by `rgb' on input line 1366.
Package xcolor Info: Model `Hsb' substituted by `hsb' on input line 1367.
Package xcolor Info: Model `tHsb' substituted by `hsb' on input line 1368.
Package xcolor Info: Model `HSB' substituted by `hsb' on input line 1369.
Package xcolor Info: Model `Gray' substituted by `gray' on input line 1370.
Package xcolor Info: Model `wave' substituted by `hsb' on input line 1371.
)
(/usr/share/texlive/texmf-dist/tex/latex/psnfss/avant.sty
Package: avant 2005/04/12 PSNFSS-v9.2a (SPQR) 
)
(/usr/share/texlive/texmf-dist/tex/latex/psnfss/mathptmx.sty
Package: mathptmx 2005/04/12 PSNFSS-v9.2a Times w/ Math, improved (SPQR, WaS) 
LaTeX Font Info:    Redeclaring symbol font `operators' on input line 28.
LaTeX Font Info:    Overwriting symbol font `operators' in version `normal'
(Font)                  OT1/cmr/m/n --> OT1/ztmcm/m/n on input line 28.
LaTeX Font Info:    Overwriting symbol font `operators' in version `bold'
(Font)                  OT1/cmr/bx/n --> OT1/ztmcm/m/n on input line 28.
LaTeX Font Info:    Redeclaring symbol font `letters' on input line 29.
LaTeX Font Info:    Overwriting symbol font `letters' in version `normal'
(Font)                  OML/cmm/m/it --> OML/ztmcm/m/it on input line 29.
LaTeX Font Info:    Overwriting symbol font `letters' in version `bold'
(Font)                  OML/cmm/b/it --> OML/ztmcm/m/it on input line 29.
LaTeX Font Info:    Redeclaring symbol font `symbols' on input line 30.
LaTeX Font Info:    Overwriting symbol font `symbols' in version `normal'
(Font)                  OMS/cmsy/m/n --> OMS/ztmcm/m/n on input line 30.
LaTeX Font Info:    Overwriting symbol font `symbols' in version `bold'
(Font)                  OMS/cmsy/b/n --> OMS/ztmcm/m/n on input line 30.
LaTeX Font Info:    Redeclaring symbol font `largesymbols' on input line 31.
LaTeX Font Info:    Overwriting symbol font `largesymbols' in version `normal'
(Font)                  OMX/cmex/m/n --> OMX/ztmcm/m/n on input line 31.
LaTeX Font Info:    Overwriting symbol font `largesymbols' in version `bold'
(Font)                  OMX/cmex/m/n --> OMX/ztmcm/m/n on input line 31.
\symbold=\mathgroup4
\symitalic=\mathgroup5
LaTeX Font Info:    Redeclaring math alphabet \mathbf on input line 34.
LaTeX Font Info:    Overwriting math alphabet `\mathbf' in version `normal'
(Font)                  OT1/cmr/bx/n --> OT1/ptm/bx/n on input line 34.
LaTeX Font Info:    Overwriting math alphabet `\mathbf' in version `bold'
(Font)                  OT1/cmr/bx/n --> OT1/ptm/bx/n on input line 34.
LaTeX Font Info:    Redeclaring math alphabet \mathit on input line 35.
LaTeX Font Info:    Overwriting math alphabet `\mathit' in version `normal'
(Font)                  OT1/cmr/m/it --> OT1/ptm/m/it on input line 35.
LaTeX Font Info:    Overwriting math alphabet `\mathit' in version `bold'
(Font)                  OT1/cmr/bx/it --> OT1/ptm/m/it on input line 35.
LaTeX Info: Redefining \hbar on input line 50.
)
(/usr/share/texlive/texmf-dist/tex/latex/microtype/microtype.sty
Package: microtype 2016/05/14 v2.6a Micro-typographical refinements (RS)
\MT@toks=\toks16
\MT@count=\count92
LaTeX Info: Redefining \textls on input line 774.
\MT@outer@kern=\dimen112
LaTeX Info: Redefining \textmicrotypecontext on input line 1310.
\MT@listname@count=\count93

(/usr/share/texlive/texmf-dist/tex/latex/microtype/microtype-pdftex.def
File: microtype-pdftex.def 2016/05/14 v2.6a Definitions specific to pdftex (RS)

LaTeX Info: Redefining \lsstyle on input line 916.
LaTeX Info: Redefining \lslig on input line 916.
\MT@outer@space=\skip43
)
Package microtype Info: Loading configuration file microtype.cfg.

(/usr/share/texlive/texmf-dist/tex/latex/microtype/microtype.cfg
File: microtype.cfg 2016/05/14 v2.6a microtype main configuration file (RS)
))
(/usr/share/texlive/texmf-dist/tex/latex/base/inputenc.sty
Package: inputenc 2015/03/17 v1.2c Input encoding file
\inpenc@prehook=\toks17
\inpenc@posthook=\toks18

(/usr/share/texlive/texmf-dist/tex/latex/base/utf8.def
File: utf8.def 2016/02/28 v1.1s UTF-8 support for inputenc
Now handling font encoding OML ...
... no UTF-8 mapping file for font encoding OML
Now handling font encoding T1 ...
... processing UTF-8 mapping file for font encoding T1

(/usr/share/texlive/texmf-dist/tex/latex/base/t1enc.dfu
File: t1enc.dfu 2016/02/28 v1.1s UTF-8 support for inputenc
   defining Unicode char U+00A0 (decimal 160)
   defining Unicode char U+00A1 (decimal 161)
   defining Unicode char U+00A3 (decimal 163)
   defining Unicode char U+00AB (decimal 171)
   defining Unicode char U+00AD (decimal 173)
   defining Unicode char U+00BB (decimal 187)
   defining Unicode char U+00BF (decimal 191)
   defining Unicode char U+00C0 (decimal 192)
   defining Unicode char U+00C1 (decimal 193)
   defining Unicode char U+00C2 (decimal 194)
   defining Unicode char U+00C3 (decimal 195)
   defining Unicode char U+00C4 (decimal 196)
   defining Unicode char U+00C5 (decimal 197)
   defining Unicode char U+00C6 (decimal 198)
   defining Unicode char U+00C7 (decimal 199)
   defining Unicode char U+00C8 (decimal 200)
   defining Unicode char U+00C9 (decimal 201)
   defining Unicode char U+00CA (decimal 202)
   defining Unicode char U+00CB (decimal 203)
   defining Unicode char U+00CC (decimal 204)
   defining Unicode char U+00CD (decimal 205)
   defining Unicode char U+00CE (decimal 206)
   defining Unicode char U+00CF (decimal 207)
   defining Unicode char U+00D0 (decimal 208)
   defining Unicode char U+00D1 (decimal 209)
   defining Unicode char U+00D2 (decimal 210)
   defining Unicode char U+00D3 (decimal 211)
   defining Unicode char U+00D4 (decimal 212)
   defining Unicode char U+00D5 (decimal 213)
   defining Unicode char U+00D6 (decimal 214)
   defining Unicode char U+00D8 (decimal 216)
   defining Unicode char U+00D9 (decimal 217)
   defining Unicode char U+00DA (decimal 218)
   defining Unicode char U+00DB (decimal 219)
   defining Unicode char U+00DC (decimal 220)
   defining Unicode char U+00DD (decimal 221)
   defining Unicode char U+00DE (decimal 222)
   defining Unicode char U+00DF (decimal 223)
   defining Unicode char U+00E0 (decimal 224)
   defining Unicode char U+00E1 (decimal 225)
   defining Unicode char U+00E2 (decimal 226)
   defining Unicode char U+00E3 (decimal 227)
   defining Unicode char U+00E4 (decimal 228)
   defining Unicode char U+00E5 (decimal 229)
   defining Unicode char U+00E6 (decimal 230)
   defining Unicode char U+00E7 (decimal 231)
   defining Unicode char U+00E8 (decimal 232)
   defining Unicode char U+00E9 (decimal 233)
   defining Unicode char U+00EA (decimal 234)
   defining Unicode char U+00EB (decimal 235)
   defining Unicode char U+00EC (decimal 236)
   defining Unicode char U+00ED (decimal 237)
   defining Unicode char U+00EE (decimal 238)
   defining Unicode char U+00EF (decimal 239)
   defining Unicode char U+00F0 (decimal 240)
   defining Unicode char U+00F1 (decimal 241)
   defining Unicode char U+00F2 (decimal 242)
   defining Unicode char U+00F3 (decimal 243)
   defining Unicode char U+00F4 (decimal 244)
   defining Unicode char U+00F5 (decimal 245)
   defining Unicode char U+00F6 (decimal 246)
   defining Unicode char U+00F8 (decimal 248)
   defining Unicode char U+00F9 (decimal 249)
   defining Unicode char U+00FA (decimal 250)
   defining Unicode char U+00FB (decimal 251)
   defining Unicode char U+00FC (decimal 252)
   defining Unicode char U+00FD (decimal 253)
   defining Unicode char U+00FE (decimal 254)
   defining Unicode char U+00FF (decimal 255)
   defining Unicode char U+0100 (decimal 256)
   defining Unicode char U+0101 (decimal 257)
   defining Unicode char U+0102 (decimal 258)
   defining Unicode char U+0103 (decimal 259)
   defining Unicode char U+0104 (decimal 260)
   defining Unicode char U+0105 (decimal 261)
   defining Unicode char U+0106 (decimal 262)
   defining Unicode char U+0107 (decimal 263)
   defining Unicode char U+0108 (decimal 264)
   defining Unicode char U+0109 (decimal 265)
   defining Unicode char U+010A (decimal 266)
   defining Unicode char U+010B (decimal 267)
   defining Unicode char U+010C (decimal 268)
   defining Unicode char U+010D (decimal 269)
   defining Unicode char U+010E (decimal 270)
   defining Unicode char U+010F (decimal 271)
   defining Unicode char U+0110 (decimal 272)
   defining Unicode char U+0111 (decimal 273)
   defining Unicode char U+0112 (decimal 274)
   defining Unicode char U+0113 (decimal 275)
   defining Unicode char U+0114 (decimal 276)
   defining Unicode char U+0115 (decimal 277)
   defining Unicode char U+0116 (decimal 278)
   defining Unicode char U+0117 (decimal 279)
   defining Unicode char U+0118 (decimal 280)
   defining Unicode char U+0119 (decimal 281)
   defining Unicode char U+011A (decimal 282)
   defining Unicode char U+011B (decimal 283)
   defining Unicode char U+011C (decimal 284)
   defining Unicode char U+011D (decimal 285)
   defining Unicode char U+011E (decimal 286)
   defining Unicode char U+011F (decimal 287)
   defining Unicode char U+0120 (decimal 288)
   defining Unicode char U+0121 (decimal 289)
   defining Unicode char U+0122 (decimal 290)
   defining Unicode char U+0123 (decimal 291)
   defining Unicode char U+0124 (decimal 292)
   defining Unicode char U+0125 (decimal 293)
   defining Unicode char U+0128 (decimal 296)
   defining Unicode char U+0129 (decimal 297)
   defining Unicode char U+012A (decimal 298)
   defining Unicode char U+012B (decimal 299)
   defining Unicode char U+012C (decimal 300)
   defining Unicode char U+012D (decimal 301)
   defining Unicode char U+012E (decimal 302)
   defining Unicode char U+012F (decimal 303)
   defining Unicode char U+0130 (decimal 304)
   defining Unicode char U+0131 (decimal 305)
   defining Unicode char U+0132 (decimal 306)
   defining Unicode char U+0133 (decimal 307)
   defining Unicode char U+0134 (decimal 308)
   defining Unicode char U+0135 (decimal 309)
   defining Unicode char U+0136 (decimal 310)
   defining Unicode char U+0137 (decimal 311)
   defining Unicode char U+0139 (decimal 313)
   defining Unicode char U+013A (decimal 314)
   defining Unicode char U+013B (decimal 315)
   defining Unicode char U+013C (decimal 316)
   defining Unicode char U+013D (decimal 317)
   defining Unicode char U+013E (decimal 318)
   defining Unicode char U+0141 (decimal 321)
   defining Unicode char U+0142 (decimal 322)
   defining Unicode char U+0143 (decimal 323)
   defining Unicode char U+0144 (decimal 324)
   defining Unicode char U+0145 (decimal 325)
   defining Unicode char U+0146 (decimal 326)
   defining Unicode char U+0147 (decimal 327)
   defining Unicode char U+0148 (decimal 328)
   defining Unicode char U+014A (decimal 330)
   defining Unicode char U+014B (decimal 331)
   defining Unicode char U+014C (decimal 332)
   defining Unicode char U+014D (decimal 333)
   defining Unicode char U+014E (decimal 334)
   defining Unicode char U+014F (decimal 335)
   defining Unicode char U+0150 (decimal 336)
   defining Unicode char U+0151 (decimal 337)
   defining Unicode char U+0152 (decimal 338)
   defining Unicode char U+0153 (decimal 339)
   defining Unicode char U+0154 (decimal 340)
   defining Unicode char U+0155 (decimal 341)
   defining Unicode char U+0156 (decimal 342)
   defining Unicode char U+0157 (decimal 343)
   defining Unicode char U+0158 (decimal 344)
   defining Unicode char U+0159 (decimal 345)
   defining Unicode char U+015A (decimal 346)
   defining Unicode char U+015B (decimal 347)
   defining Unicode char U+015C (decimal 348)
   defining Unicode char U+015D (decimal 349)
   defining Unicode char U+015E (decimal 350)
   defining Unicode char U+015F (decimal 351)
   defining Unicode char U+0160 (decimal 352)
   defining Unicode char U+0161 (decimal 353)
   defining Unicode char U+0162 (decimal 354)
   defining Unicode char U+0163 (decimal 355)
   defining Unicode char U+0164 (decimal 356)
   defining Unicode char U+0165 (decimal 357)
   defining Unicode char U+0168 (decimal 360)
   defining Unicode char U+0169 (decimal 361)
   defining Unicode char U+016A (decimal 362)
   defining Unicode char U+016B (decimal 363)
   defining Unicode char U+016C (decimal 364)
   defining Unicode char U+016D (decimal 365)
   defining Unicode char U+016E (decimal 366)
   defining Unicode char U+016F (decimal 367)
   defining Unicode char U+0170 (decimal 368)
   defining Unicode char U+0171 (decimal 369)
   defining Unicode char U+0172 (decimal 370)
   defining Unicode char U+0173 (decimal 371)
   defining Unicode char U+0174 (decimal 372)
   defining Unicode char U+0175 (decimal 373)
   defining Unicode char U+0176 (decimal 374)
   defining Unicode char U+0177 (decimal 375)
   defining Unicode char U+0178 (decimal 376)
   defining Unicode char U+0179 (decimal 377)
   defining Unicode char U+017A (decimal 378)
   defining Unicode char U+017B (decimal 379)
   defining Unicode char U+017C (decimal 380)
   defining Unicode char U+017D (decimal 381)
   defining Unicode char U+017E (decimal 382)
   defining Unicode char U+01CD (decimal 461)
   defining Unicode char U+01CE (decimal 462)
   defining Unicode char U+01CF (decimal 463)
   defining Unicode char U+01D0 (decimal 464)
   defining Unicode char U+01D1 (decimal 465)
   defining Unicode char U+01D2 (decimal 466)
   defining Unicode char U+01D3 (decimal 467)
   defining Unicode char U+01D4 (decimal 468)
   defining Unicode char U+01E2 (decimal 482)
   defining Unicode char U+01E3 (decimal 483)
   defining Unicode char U+01E6 (decimal 486)
   defining Unicode char U+01E7 (decimal 487)
   defining Unicode char U+01E8 (decimal 488)
   defining Unicode char U+01E9 (decimal 489)
   defining Unicode char U+01EA (decimal 490)
   defining Unicode char U+01EB (decimal 491)
   defining Unicode char U+01F0 (decimal 496)
   defining Unicode char U+01F4 (decimal 500)
   defining Unicode char U+01F5 (decimal 501)
   defining Unicode char U+0218 (decimal 536)
   defining Unicode char U+0219 (decimal 537)
   defining Unicode char U+021A (decimal 538)
   defining Unicode char U+021B (decimal 539)
   defining Unicode char U+1E02 (decimal 7682)
   defining Unicode char U+1E03 (decimal 7683)
   defining Unicode char U+200C (decimal 8204)
   defining Unicode char U+2010 (decimal 8208)
   defining Unicode char U+2011 (decimal 8209)
   defining Unicode char U+2012 (decimal 8210)
   defining Unicode char U+2013 (decimal 8211)
   defining Unicode char U+2014 (decimal 8212)
   defining Unicode char U+2015 (decimal 8213)
   defining Unicode char U+2018 (decimal 8216)
   defining Unicode char U+2019 (decimal 8217)
   defining Unicode char U+201A (decimal 8218)
   defining Unicode char U+201C (decimal 8220)
   defining Unicode char U+201D (decimal 8221)
   defining Unicode char U+201E (decimal 8222)
   defining Unicode char U+2030 (decimal 8240)
   defining Unicode char U+2031 (decimal 8241)
   defining Unicode char U+2039 (decimal 8249)
   defining Unicode char U+203A (decimal 8250)
   defining Unicode char U+2423 (decimal 9251)
)
Now handling font encoding OT1 ...
... processing UTF-8 mapping file for font encoding OT1

(/usr/share/texlive/texmf-dist/tex/latex/base/ot1enc.dfu
File: ot1enc.dfu 2016/02/28 v1.1s UTF-8 support for inputenc
   defining Unicode char U+00A0 (decimal 160)
   defining Unicode char U+00A1 (decimal 161)
   defining Unicode char U+00A3 (decimal 163)
   defining Unicode char U+00AD (decimal 173)
   defining Unicode char U+00B8 (decimal 184)
   defining Unicode char U+00BF (decimal 191)
   defining Unicode char U+00C5 (decimal 197)
   defining Unicode char U+00C6 (decimal 198)
   defining Unicode char U+00D8 (decimal 216)
   defining Unicode char U+00DF (decimal 223)
   defining Unicode char U+00E6 (decimal 230)
   defining Unicode char U+00EC (decimal 236)
   defining Unicode char U+00ED (decimal 237)
   defining Unicode char U+00EE (decimal 238)
   defining Unicode char U+00EF (decimal 239)
   defining Unicode char U+00F8 (decimal 248)
   defining Unicode char U+0131 (decimal 305)
   defining Unicode char U+0141 (decimal 321)
   defining Unicode char U+0142 (decimal 322)
   defining Unicode char U+0152 (decimal 338)
   defining Unicode char U+0153 (decimal 339)
   defining Unicode char U+0174 (decimal 372)
   defining Unicode char U+0175 (decimal 373)
   defining Unicode char U+0176 (decimal 374)
   defining Unicode char U+0177 (decimal 375)
   defining Unicode char U+0218 (decimal 536)
   defining Unicode char U+0219 (decimal 537)
   defining Unicode char U+021A (decimal 538)
   defining Unicode char U+021B (decimal 539)
   defining Unicode char U+2013 (decimal 8211)
   defining Unicode char U+2014 (decimal 8212)
   defining Unicode char U+2018 (decimal 8216)
   defining Unicode char U+2019 (decimal 8217)
   defining Unicode char U+201C (decimal 8220)
   defining Unicode char U+201D (decimal 8221)
)
Now handling font encoding OMS ...
... processing UTF-8 mapping file for font encoding OMS

(/usr/share/texlive/texmf-dist/tex/latex/base/omsenc.dfu
File: omsenc.dfu 2016/02/28 v1.1s UTF-8 support for inputenc
   defining Unicode char U+00A7 (decimal 167)
   defining Unicode char U+00B6 (decimal 182)
   defining Unicode char U+00B7 (decimal 183)
   defining Unicode char U+2020 (decimal 8224)
   defining Unicode char U+2021 (decimal 8225)
   defining Unicode char U+2022 (decimal 8226)
)
Now handling font encoding OMX ...
... no UTF-8 mapping file for font encoding OMX
Now handling font encoding U ...
... no UTF-8 mapping file for font encoding U
   defining Unicode char U+00A9 (decimal 169)
   defining Unicode char U+00AA (decimal 170)
   defining Unicode char U+00AE (decimal 174)
   defining Unicode char U+00BA (decimal 186)
   defining Unicode char U+02C6 (decimal 710)
   defining Unicode char U+02DC (decimal 732)
   defining Unicode char U+200C (decimal 8204)
   defining Unicode char U+2026 (decimal 8230)
   defining Unicode char U+2122 (decimal 8482)
   defining Unicode char U+2423 (decimal 9251)
))
(/usr/share/texlive/texmf-dist/tex/latex/base/fontenc.sty
Package: fontenc 2016/06/19 v1.99m Standard LaTeX package

(/usr/share/texlive/texmf-dist/tex/latex/base/t1enc.def
File: t1enc.def 2016/06/19 v1.99m Standard LaTeX file
LaTeX Font Info:    Redeclaring font encoding T1 on input line 48.
))
(/usr/share/texlive/texmf-dist/tex/latex/biblatex/biblatex.sty
Package: biblatex 2016/05/14 v3.4 programmable bibliographies (PK/JW/AB)

(/usr/share/texlive/texmf-dist/tex/generic/iftex/iftex.sty
Package: iftex 2013/04/04 v0.2 Provides if(tex) conditional for PDFTeX, XeTeX, 
and LuaTeX
)
(/usr/share/texlive/texmf-dist/tex/generic/oberdiek/pdftexcmds.sty
Package: pdftexcmds 2016/05/21 v0.22 Utility functions of pdfTeX for LuaTeX (HO
)

(/usr/share/texlive/texmf-dist/tex/generic/oberdiek/ifluatex.sty
Package: ifluatex 2016/05/16 v1.4 Provides the ifluatex switch (HO)
Package ifluatex Info: LuaTeX not detected.
)
Package pdftexcmds Info: LuaTeX not detected.
Package pdftexcmds Info: \pdf@primitive is available.
Package pdftexcmds Info: \pdf@ifprimitive is available.
Package pdftexcmds Info: \pdfdraftmode found.
)
(/usr/share/texlive/texmf-dist/tex/latex/etoolbox/etoolbox.sty
Package: etoolbox 2015/08/02 v2.2a e-TeX tools for LaTeX (JAW)
\etb@tempcnta=\count94
)
(/usr/share/texlive/texmf-dist/tex/latex/oberdiek/kvoptions.sty
Package: kvoptions 2016/05/16 v3.12 Key value format for package options (HO)

(/usr/share/texlive/texmf-dist/tex/generic/oberdiek/kvsetkeys.sty
Package: kvsetkeys 2016/05/16 v1.17 Key value parser (HO)

(/usr/share/texlive/texmf-dist/tex/generic/oberdiek/etexcmds.sty
Package: etexcmds 2016/05/16 v1.6 Avoid name clashes with e-TeX commands (HO)
Package etexcmds Info: Could not find \expanded.
(etexcmds)             That can mean that you are not using pdfTeX 1.50 or
(etexcmds)             that some package has redefined \expanded.
(etexcmds)             In the latter case, load this package earlier.
)))
(/usr/share/texlive/texmf-dist/tex/latex/logreq/logreq.sty
Package: logreq 2010/08/04 v1.0 xml request logger
\lrq@indent=\count95

(/usr/share/texlive/texmf-dist/tex/latex/logreq/logreq.def
File: logreq.def 2010/08/04 v1.0 logreq spec v1.0
))
(/usr/share/texlive/texmf-dist/tex/latex/base/ifthen.sty
Package: ifthen 2014/09/29 v1.1c Standard LaTeX ifthen package (DPC)
)
(/usr/share/texlive/texmf-dist/tex/latex/url/url.sty
\Urlmuskip=\muskip10
Package: url 2013/09/16  ver 3.4  Verb mode for urls, etc.
)
(/usr/share/texlive/texmf-dist/tex/generic/xstring/xstring.sty
(/usr/share/texlive/texmf-dist/tex/generic/xstring/xstring.tex
\@xs@message=\write3
\integerpart=\count96
\decimalpart=\count97
)
Package: xstring 2013/10/13  v1.7c  String manipulations (C Tellechea)
)
\c@tabx@nest=\count98
\c@listtotal=\count99
\c@listcount=\count100
\c@liststart=\count101
\c@liststop=\count102
\c@citecount=\count103
\c@citetotal=\count104
\c@multicitecount=\count105
\c@multicitetotal=\count106
\c@instcount=\count107
\c@maxnames=\count108
\c@minnames=\count109
\c@maxitems=\count110
\c@minitems=\count111
\c@citecounter=\count112
\c@savedcitecounter=\count113
\c@uniquelist=\count114
\c@uniquename=\count115
\c@refsection=\count116
\c@refsegment=\count117
\c@maxextratitle=\count118
\c@maxextratitleyear=\count119
\c@maxextrayear=\count120
\c@maxextraalpha=\count121
\c@abbrvpenalty=\count122
\c@highnamepenalty=\count123
\c@lownamepenalty=\count124
\c@maxparens=\count125
\c@parenlevel=\count126
\blx@tempcnta=\count127
\blx@tempcntb=\count128
\blx@tempcntc=\count129
\blx@maxsection=\count130
\blx@maxsegment@0=\count131
\blx@notetype=\count132
\blx@parenlevel@text=\count133
\blx@parenlevel@foot=\count134
\blx@sectionciteorder@0=\count135
\labelnumberwidth=\skip44
\labelalphawidth=\skip45
\biblabelsep=\skip46
\bibitemsep=\skip47
\bibnamesep=\skip48
\bibinitsep=\skip49
\bibparsep=\skip50
\bibhang=\skip51
\blx@bcfin=\read1
\blx@bcfout=\write4
\c@mincomprange=\count136
\c@maxcomprange=\count137
\c@mincompwidth=\count138
Package biblatex Info: Trying to load biblatex default data model...
Package biblatex Info: ... file 'blx-dm.def' found.

(/usr/share/texlive/texmf-dist/tex/latex/biblatex/blx-dm.def)
Package biblatex Info: Trying to load biblatex style data model...
Package biblatex Info: ... file 'alphabetic.dbx' not found.
Package biblatex Info: Trying to load biblatex custom data model...
Package biblatex Info: ... file 'biblatex-dm.cfg' not found.
\c@afterword=\count139
\c@savedafterword=\count140
\c@annotator=\count141
\c@savedannotator=\count142
\c@author=\count143
\c@savedauthor=\count144
\c@bookauthor=\count145
\c@savedbookauthor=\count146
\c@commentator=\count147
\c@savedcommentator=\count148
\c@editor=\count149
\c@savededitor=\count150
\c@editora=\count151
\c@savededitora=\count152
\c@editorb=\count153
\c@savededitorb=\count154
\c@editorc=\count155
\c@savededitorc=\count156
\c@foreword=\count157
\c@savedforeword=\count158
\c@holder=\count159
\c@savedholder=\count160
\c@introduction=\count161
\c@savedintroduction=\count162
\c@namea=\count163
\c@savednamea=\count164
\c@nameb=\count165
\c@savednameb=\count166
\c@namec=\count167
\c@savednamec=\count168
\c@translator=\count169
\c@savedtranslator=\count170
\c@shortauthor=\count171
\c@savedshortauthor=\count172
\c@shorteditor=\count173
\c@savedshorteditor=\count174
\c@labelname=\count175
\c@savedlabelname=\count176
\c@institution=\count177
\c@savedinstitution=\count178
\c@lista=\count179
\c@savedlista=\count180
\c@listb=\count181
\c@savedlistb=\count182
\c@listc=\count183
\c@savedlistc=\count184
\c@listd=\count185
\c@savedlistd=\count186
\c@liste=\count187
\c@savedliste=\count188
\c@listf=\count189
\c@savedlistf=\count190
\c@location=\count191
\c@savedlocation=\count192
\c@organization=\count193
\c@savedorganization=\count194
\c@origlocation=\count195
\c@savedoriglocation=\count196
\c@origpublisher=\count197
\c@savedorigpublisher=\count198
\c@publisher=\count199
\c@savedpublisher=\count266
\c@language=\count267
\c@savedlanguage=\count268
\c@pageref=\count269
\c@savedpageref=\count270
\shorthandwidth=\skip52
\shortjournalwidth=\skip53
\shortserieswidth=\skip54
\shorttitlewidth=\skip55
\shortauthorwidth=\skip56
\shorteditorwidth=\skip57
Package biblatex Info: Trying to load compatibility code...
Package biblatex Info: ... file 'blx-compat.def' found.

(/usr/share/texlive/texmf-dist/tex/latex/biblatex/blx-compat.def
File: blx-compat.def 2016/05/14 v3.4 biblatex compatibility (PK/JW/AB)
)
Package biblatex Info: Trying to load generic definitions...
Package biblatex Info: ... file 'biblatex.def' found.

(/usr/share/texlive/texmf-dist/tex/latex/biblatex/biblatex.def
File: biblatex.def 2016/05/14 v3.4 biblatex compatibility (PK/JW/AB)
\c@textcitecount=\count271
\c@textcitetotal=\count272
\c@textcitemaxnames=\count273
\c@biburlnumpenalty=\count274
\c@biburlucpenalty=\count275
\c@biburllcpenalty=\count276
\c@smartand=\count277
)
Package biblatex Info: Trying to load bibliography style 'alphabetic'...
Package biblatex Info: ... file 'alphabetic.bbx' found.

(/usr/share/texlive/texmf-dist/tex/latex/biblatex/bbx/alphabetic.bbx
File: alphabetic.bbx 2016/05/14 v3.4 biblatex bibliography style (PK/JW/AB)
Package biblatex Info: Trying to load bibliography style 'standard'...
Package biblatex Info: ... file 'standard.bbx' found.

(/usr/share/texlive/texmf-dist/tex/latex/biblatex/bbx/standard.bbx
File: standard.bbx 2016/05/14 v3.4 biblatex bibliography style (PK/JW/AB)
\c@bbx:relatedcount=\count278
\c@bbx:relatedtotal=\count279
))
Package biblatex Info: Trying to load citation style 'alphabetic'...
Package biblatex Info: ... file 'alphabetic.cbx' found.

(/usr/share/texlive/texmf-dist/tex/latex/biblatex/cbx/alphabetic.cbx
File: alphabetic.cbx 2016/05/14 v3.4 biblatex citation style (PK/JW/AB)
Package biblatex Info: Redefining '\cite'.
Package biblatex Info: Redefining '\parencite'.
Package biblatex Info: Redefining '\footcite'.
Package biblatex Info: Redefining '\footcitetext'.
Package biblatex Info: Redefining '\smartcite'.
Package biblatex Info: Redefining '\textcite'.
Package biblatex Info: Redefining '\textcites'.
Package biblatex Info: Redefining '\cites'.
Package biblatex Info: Redefining '\parencites'.
Package biblatex Info: Redefining '\smartcites'.
)
Package biblatex Info: Trying to load configuration file...
Package biblatex Info: ... file 'biblatex.cfg' found.

(/usr/share/texlive/texmf-dist/tex/latex/biblatex/biblatex.cfg
File: biblatex.cfg 
)

Package biblatex Warning: 'babel' option is deprecated, use 'autolang' instead.


) (./structure.tex
(/usr/share/texlive/texmf-dist/tex/latex/titlesec/titlesec.sty
Package: titlesec 2016/03/21 v2.10.2 Sectioning titles
\ttl@box=\box26
\beforetitleunit=\skip58
\aftertitleunit=\skip59
\ttl@plus=\dimen113
\ttl@minus=\dimen114
\ttl@toksa=\toks19
\titlewidth=\dimen115
\titlewidthlast=\dimen116
\titlewidthfirst=\dimen117
)
(/usr/share/texlive/texmf-dist/tex/latex/graphics/graphicx.sty
Package: graphicx 2014/10/28 v1.0g Enhanced LaTeX Graphics (DPC,SPQR)

(/usr/share/texlive/texmf-dist/tex/latex/graphics/graphics.sty
Package: graphics 2016/07/10 v1.0t Standard LaTeX Graphics (DPC,SPQR)

(/usr/share/texlive/texmf-dist/tex/latex/graphics/trig.sty
Package: trig 2016/01/03 v1.10 sin cos tan (DPC)
)
(/usr/share/texlive/texmf-dist/tex/latex/graphics-cfg/graphics.cfg
File: graphics.cfg 2016/06/04 v1.11 sample graphics configuration
)
Package graphics Info: Driver file: pdftex.def on input line 99.
)
\Gin@req@height=\dimen118
\Gin@req@width=\dimen119
)
(/usr/share/texlive/texmf-dist/tex/latex/lipsum/lipsum.sty
Package: lipsum 2014/07/27 v1.3 150 paragraphs of Lorem Ipsum dummy text
\c@lips@count=\count280
)
(/usr/share/texlive/texmf-dist/tex/latex/pgf/frontendlayer/tikz.sty
(/usr/share/texlive/texmf-dist/tex/latex/pgf/basiclayer/pgf.sty
(/usr/share/texlive/texmf-dist/tex/latex/pgf/utilities/pgfrcs.sty
(/usr/share/texlive/texmf-dist/tex/generic/pgf/utilities/pgfutil-common.tex
\pgfutil@everybye=\toks20
\pgfutil@tempdima=\dimen120
\pgfutil@tempdimb=\dimen121

(/usr/share/texlive/texmf-dist/tex/generic/pgf/utilities/pgfutil-common-lists.t
ex)) (/usr/share/texlive/texmf-dist/tex/generic/pgf/utilities/pgfutil-latex.def
\pgfutil@abb=\box27
(/usr/share/texlive/texmf-dist/tex/latex/ms/everyshi.sty
Package: everyshi 2001/05/15 v3.00 EveryShipout Package (MS)
))
(/usr/share/texlive/texmf-dist/tex/generic/pgf/utilities/pgfrcs.code.tex
Package: pgfrcs 2015/08/07 v3.0.1a (rcs-revision 1.31)
))
Package: pgf 2015/08/07 v3.0.1a (rcs-revision 1.15)

(/usr/share/texlive/texmf-dist/tex/latex/pgf/basiclayer/pgfcore.sty
(/usr/share/texlive/texmf-dist/tex/latex/pgf/systemlayer/pgfsys.sty
(/usr/share/texlive/texmf-dist/tex/generic/pgf/systemlayer/pgfsys.code.tex
Package: pgfsys 2014/07/09 v3.0.1a (rcs-revision 1.48)

(/usr/share/texlive/texmf-dist/tex/generic/pgf/utilities/pgfkeys.code.tex
\pgfkeys@pathtoks=\toks21
\pgfkeys@temptoks=\toks22

(/usr/share/texlive/texmf-dist/tex/generic/pgf/utilities/pgfkeysfiltered.code.t
ex
\pgfkeys@tmptoks=\toks23
))
\pgf@x=\dimen122
\pgf@y=\dimen123
\pgf@xa=\dimen124
\pgf@ya=\dimen125
\pgf@xb=\dimen126
\pgf@yb=\dimen127
\pgf@xc=\dimen128
\pgf@yc=\dimen129
\w@pgf@writea=\write5
\r@pgf@reada=\read2
\c@pgf@counta=\count281
\c@pgf@countb=\count282
\c@pgf@countc=\count283
\c@pgf@countd=\count284
\t@pgf@toka=\toks24
\t@pgf@tokb=\toks25
\t@pgf@tokc=\toks26
 (/usr/share/texlive/texmf-dist/tex/generic/pgf/systemlayer/pgf.cfg
File: pgf.cfg 2008/05/14  (rcs-revision 1.7)
)
Driver file for pgf: pgfsys-pdftex.def

(/usr/share/texlive/texmf-dist/tex/generic/pgf/systemlayer/pgfsys-pdftex.def
File: pgfsys-pdftex.def 2014/10/11  (rcs-revision 1.35)

(/usr/share/texlive/texmf-dist/tex/generic/pgf/systemlayer/pgfsys-common-pdf.de
f
File: pgfsys-common-pdf.def 2013/10/10  (rcs-revision 1.13)
)))
(/usr/share/texlive/texmf-dist/tex/generic/pgf/systemlayer/pgfsyssoftpath.code.
tex
File: pgfsyssoftpath.code.tex 2013/09/09  (rcs-revision 1.9)
\pgfsyssoftpath@smallbuffer@items=\count285
\pgfsyssoftpath@bigbuffer@items=\count286
)
(/usr/share/texlive/texmf-dist/tex/generic/pgf/systemlayer/pgfsysprotocol.code.
tex
File: pgfsysprotocol.code.tex 2006/10/16  (rcs-revision 1.4)
))
(/usr/share/texlive/texmf-dist/tex/generic/pgf/basiclayer/pgfcore.code.tex
Package: pgfcore 2010/04/11 v3.0.1a (rcs-revision 1.7)

(/usr/share/texlive/texmf-dist/tex/generic/pgf/math/pgfmath.code.tex
(/usr/share/texlive/texmf-dist/tex/generic/pgf/math/pgfmathcalc.code.tex
(/usr/share/texlive/texmf-dist/tex/generic/pgf/math/pgfmathutil.code.tex)
(/usr/share/texlive/texmf-dist/tex/generic/pgf/math/pgfmathparser.code.tex
\pgfmath@dimen=\dimen130
\pgfmath@count=\count287
\pgfmath@box=\box28
\pgfmath@toks=\toks27
\pgfmath@stack@operand=\toks28
\pgfmath@stack@operation=\toks29
)
(/usr/share/texlive/texmf-dist/tex/generic/pgf/math/pgfmathfunctions.code.tex
(/usr/share/texlive/texmf-dist/tex/generic/pgf/math/pgfmathfunctions.basic.code
.tex)
(/usr/share/texlive/texmf-dist/tex/generic/pgf/math/pgfmathfunctions.trigonomet
ric.code.tex)
(/usr/share/texlive/texmf-dist/tex/generic/pgf/math/pgfmathfunctions.random.cod
e.tex)
(/usr/share/texlive/texmf-dist/tex/generic/pgf/math/pgfmathfunctions.comparison
.code.tex)
(/usr/share/texlive/texmf-dist/tex/generic/pgf/math/pgfmathfunctions.base.code.
tex)
(/usr/share/texlive/texmf-dist/tex/generic/pgf/math/pgfmathfunctions.round.code
.tex)
(/usr/share/texlive/texmf-dist/tex/generic/pgf/math/pgfmathfunctions.misc.code.
tex)
(/usr/share/texlive/texmf-dist/tex/generic/pgf/math/pgfmathfunctions.integerari
thmetics.code.tex)))
(/usr/share/texlive/texmf-dist/tex/generic/pgf/math/pgfmathfloat.code.tex
\c@pgfmathroundto@lastzeros=\count288
))
(/usr/share/texlive/texmf-dist/tex/generic/pgf/basiclayer/pgfcorepoints.code.te
x
File: pgfcorepoints.code.tex 2013/10/07  (rcs-revision 1.27)
\pgf@picminx=\dimen131
\pgf@picmaxx=\dimen132
\pgf@picminy=\dimen133
\pgf@picmaxy=\dimen134
\pgf@pathminx=\dimen135
\pgf@pathmaxx=\dimen136
\pgf@pathminy=\dimen137
\pgf@pathmaxy=\dimen138
\pgf@xx=\dimen139
\pgf@xy=\dimen140
\pgf@yx=\dimen141
\pgf@yy=\dimen142
\pgf@zx=\dimen143
\pgf@zy=\dimen144
)
(/usr/share/texlive/texmf-dist/tex/generic/pgf/basiclayer/pgfcorepathconstruct.
code.tex
File: pgfcorepathconstruct.code.tex 2013/10/07  (rcs-revision 1.29)
\pgf@path@lastx=\dimen145
\pgf@path@lasty=\dimen146
)
(/usr/share/texlive/texmf-dist/tex/generic/pgf/basiclayer/pgfcorepathusage.code
.tex
File: pgfcorepathusage.code.tex 2014/11/02  (rcs-revision 1.24)
\pgf@shorten@end@additional=\dimen147
\pgf@shorten@start@additional=\dimen148
)
(/usr/share/texlive/texmf-dist/tex/generic/pgf/basiclayer/pgfcorescopes.code.te
x
File: pgfcorescopes.code.tex 2015/05/08  (rcs-revision 1.46)
\pgfpic=\box29
\pgf@hbox=\box30
\pgf@layerbox@main=\box31
\pgf@picture@serial@count=\count289
)
(/usr/share/texlive/texmf-dist/tex/generic/pgf/basiclayer/pgfcoregraphicstate.c
ode.tex
File: pgfcoregraphicstate.code.tex 2014/11/02  (rcs-revision 1.12)
\pgflinewidth=\dimen149
)
(/usr/share/texlive/texmf-dist/tex/generic/pgf/basiclayer/pgfcoretransformation
s.code.tex
File: pgfcoretransformations.code.tex 2015/08/07  (rcs-revision 1.20)
\pgf@pt@x=\dimen150
\pgf@pt@y=\dimen151
\pgf@pt@temp=\dimen152
)
(/usr/share/texlive/texmf-dist/tex/generic/pgf/basiclayer/pgfcorequick.code.tex
File: pgfcorequick.code.tex 2008/10/09  (rcs-revision 1.3)
)
(/usr/share/texlive/texmf-dist/tex/generic/pgf/basiclayer/pgfcoreobjects.code.t
ex
File: pgfcoreobjects.code.tex 2006/10/11  (rcs-revision 1.2)
)
(/usr/share/texlive/texmf-dist/tex/generic/pgf/basiclayer/pgfcorepathprocessing
.code.tex
File: pgfcorepathprocessing.code.tex 2013/09/09  (rcs-revision 1.9)
)
(/usr/share/texlive/texmf-dist/tex/generic/pgf/basiclayer/pgfcorearrows.code.te
x
File: pgfcorearrows.code.tex 2015/05/14  (rcs-revision 1.43)
\pgfarrowsep=\dimen153
)
(/usr/share/texlive/texmf-dist/tex/generic/pgf/basiclayer/pgfcoreshade.code.tex
File: pgfcoreshade.code.tex 2013/07/15  (rcs-revision 1.15)
\pgf@max=\dimen154
\pgf@sys@shading@range@num=\count290
)
(/usr/share/texlive/texmf-dist/tex/generic/pgf/basiclayer/pgfcoreimage.code.tex
File: pgfcoreimage.code.tex 2013/07/15  (rcs-revision 1.18)

(/usr/share/texlive/texmf-dist/tex/generic/pgf/basiclayer/pgfcoreexternal.code.
tex
File: pgfcoreexternal.code.tex 2014/07/09  (rcs-revision 1.21)
\pgfexternal@startupbox=\box32
))
(/usr/share/texlive/texmf-dist/tex/generic/pgf/basiclayer/pgfcorelayers.code.te
x
File: pgfcorelayers.code.tex 2013/07/18  (rcs-revision 1.7)
)
(/usr/share/texlive/texmf-dist/tex/generic/pgf/basiclayer/pgfcoretransparency.c
ode.tex
File: pgfcoretransparency.code.tex 2013/09/30  (rcs-revision 1.5)
)
(/usr/share/texlive/texmf-dist/tex/generic/pgf/basiclayer/pgfcorepatterns.code.
tex
File: pgfcorepatterns.code.tex 2013/11/07  (rcs-revision 1.5)
)))
(/usr/share/texlive/texmf-dist/tex/generic/pgf/modules/pgfmoduleshapes.code.tex
File: pgfmoduleshapes.code.tex 2014/03/21  (rcs-revision 1.35)
\pgfnodeparttextbox=\box33
) (/usr/share/texlive/texmf-dist/tex/generic/pgf/modules/pgfmoduleplot.code.tex
File: pgfmoduleplot.code.tex 2015/08/03  (rcs-revision 1.13)
)
(/usr/share/texlive/texmf-dist/tex/latex/pgf/compatibility/pgfcomp-version-0-65
.sty
Package: pgfcomp-version-0-65 2007/07/03 v3.0.1a (rcs-revision 1.7)
\pgf@nodesepstart=\dimen155
\pgf@nodesepend=\dimen156
)
(/usr/share/texlive/texmf-dist/tex/latex/pgf/compatibility/pgfcomp-version-1-18
.sty
Package: pgfcomp-version-1-18 2007/07/23 v3.0.1a (rcs-revision 1.1)
)) (/usr/share/texlive/texmf-dist/tex/latex/pgf/utilities/pgffor.sty
(/usr/share/texlive/texmf-dist/tex/latex/pgf/utilities/pgfkeys.sty
(/usr/share/texlive/texmf-dist/tex/generic/pgf/utilities/pgfkeys.code.tex))
(/usr/share/texlive/texmf-dist/tex/latex/pgf/math/pgfmath.sty
(/usr/share/texlive/texmf-dist/tex/generic/pgf/math/pgfmath.code.tex))
(/usr/share/texlive/texmf-dist/tex/generic/pgf/utilities/pgffor.code.tex
Package: pgffor 2013/12/13 v3.0.1a (rcs-revision 1.25)

(/usr/share/texlive/texmf-dist/tex/generic/pgf/math/pgfmath.code.tex)
\pgffor@iter=\dimen157
\pgffor@skip=\dimen158
\pgffor@stack=\toks30
\pgffor@toks=\toks31
))
(/usr/share/texlive/texmf-dist/tex/generic/pgf/frontendlayer/tikz/tikz.code.tex
Package: tikz 2015/08/07 v3.0.1a (rcs-revision 1.151)

(/usr/share/texlive/texmf-dist/tex/generic/pgf/libraries/pgflibraryplothandlers
.code.tex
File: pgflibraryplothandlers.code.tex 2013/08/31 v3.0.1a (rcs-revision 1.20)
\pgf@plot@mark@count=\count291
\pgfplotmarksize=\dimen159
)
\tikz@lastx=\dimen160
\tikz@lasty=\dimen161
\tikz@lastxsaved=\dimen162
\tikz@lastysaved=\dimen163
\tikzleveldistance=\dimen164
\tikzsiblingdistance=\dimen165
\tikz@figbox=\box34
\tikz@figbox@bg=\box35
\tikz@tempbox=\box36
\tikz@tempbox@bg=\box37
\tikztreelevel=\count292
\tikznumberofchildren=\count293
\tikznumberofcurrentchild=\count294
\tikz@fig@count=\count295

(/usr/share/texlive/texmf-dist/tex/generic/pgf/modules/pgfmodulematrix.code.tex
File: pgfmodulematrix.code.tex 2013/09/17  (rcs-revision 1.8)
\pgfmatrixcurrentrow=\count296
\pgfmatrixcurrentcolumn=\count297
\pgf@matrix@numberofcolumns=\count298
)
\tikz@expandcount=\count299

(/usr/share/texlive/texmf-dist/tex/generic/pgf/frontendlayer/tikz/libraries/tik
zlibrarytopaths.code.tex
File: tikzlibrarytopaths.code.tex 2008/06/17 v3.0.1a (rcs-revision 1.2)
)))
(/usr/share/texlive/texmf-dist/tex/generic/babel/babel.sty
Package: babel 2016/04/23 3.9r The Babel package

(/usr/share/texlive/texmf-dist/tex/generic/babel-english/english.ldf
Language: english 2012/08/20 v3.3p English support from the babel system

(/usr/share/texlive/texmf-dist/tex/generic/babel/babel.def
File: babel.def 2016/04/23 3.9r Babel common definitions
\babel@savecnt=\count300
\U@D=\dimen166
)
\l@canadian = a dialect from \language\l@american 
\l@australian = a dialect from \language\l@british 
\l@newzealand = a dialect from \language\l@british 
))
(/usr/share/texlive/texmf-dist/tex/latex/enumitem/enumitem.sty
Package: enumitem 2011/09/28 v3.5.2 Customized lists
\labelindent=\skip60
\enit@outerparindent=\dimen167
\enit@toks=\toks32
\enit@inbox=\box38
\enitdp@description=\count301
)
(/usr/share/texlive/texmf-dist/tex/latex/booktabs/booktabs.sty
Package: booktabs 2016/04/27 v1.618033 publication quality tables
\heavyrulewidth=\dimen168
\lightrulewidth=\dimen169
\cmidrulewidth=\dimen170
\belowrulesep=\dimen171
\belowbottomsep=\dimen172
\aboverulesep=\dimen173
\abovetopsep=\dimen174
\cmidrulesep=\dimen175
\cmidrulekern=\dimen176
\defaultaddspace=\dimen177
\@cmidla=\count302
\@cmidlb=\count303
\@aboverulesep=\dimen178
\@belowrulesep=\dimen179
\@thisruleclass=\count304
\@lastruleclass=\count305
\@thisrulewidth=\dimen180
)
(/usr/share/texlive/texmf-dist/tex/latex/eso-pic/eso-pic.sty
Package: eso-pic 2015/07/21 v2.0g eso-pic (RN)

(/usr/share/texlive/texmf-dist/tex/generic/oberdiek/atbegshi.sty
Package: atbegshi 2016/06/09 v1.18 At begin shipout hook (HO)
))
(/usr/share/texlive/texmf-dist/tex/latex/titlesec/titletoc.sty
Package: titletoc 2011/12/15 v1.6 TOC entries
\ttl@leftsep=\dimen181
)
(/usr/share/texlive/texmf-dist/tex/latex/fancyhdr/fancyhdr.sty
\fancy@headwidth=\skip61
\f@ncyO@elh=\skip62
\f@ncyO@erh=\skip63
\f@ncyO@olh=\skip64
\f@ncyO@orh=\skip65
\f@ncyO@elf=\skip66
\f@ncyO@erf=\skip67
\f@ncyO@olf=\skip68
\f@ncyO@orf=\skip69
)
(/usr/share/texlive/texmf-dist/tex/latex/amsmath/amsmath.sty
Package: amsmath 2016/06/28 v2.15d AMS math features
\@mathmargin=\skip70

For additional information on amsmath, use the `?' option.
(/usr/share/texlive/texmf-dist/tex/latex/amsmath/amstext.sty
Package: amstext 2000/06/29 v2.01 AMS text

(/usr/share/texlive/texmf-dist/tex/latex/amsmath/amsgen.sty
File: amsgen.sty 1999/11/30 v2.0 generic functions
\@emptytoks=\toks33
\ex@=\dimen182
))
(/usr/share/texlive/texmf-dist/tex/latex/amsmath/amsbsy.sty
Package: amsbsy 1999/11/29 v1.2d Bold Symbols
\pmbraise@=\dimen183
)
(/usr/share/texlive/texmf-dist/tex/latex/amsmath/amsopn.sty
Package: amsopn 2016/03/08 v2.02 operator names
)
\inf@bad=\count306
LaTeX Info: Redefining \frac on input line 199.
\uproot@=\count307
\leftroot@=\count308
LaTeX Info: Redefining \overline on input line 297.
\classnum@=\count309
\DOTSCASE@=\count310
LaTeX Info: Redefining \ldots on input line 394.
LaTeX Info: Redefining \dots on input line 397.
LaTeX Info: Redefining \cdots on input line 518.
\Mathstrutbox@=\box39
\strutbox@=\box40
\big@size=\dimen184
LaTeX Font Info:    Redeclaring font encoding OML on input line 634.
LaTeX Font Info:    Redeclaring font encoding OMS on input line 635.
\macc@depth=\count311
\c@MaxMatrixCols=\count312
\dotsspace@=\muskip11
\c@parentequation=\count313
\dspbrk@lvl=\count314
\tag@help=\toks34
\row@=\count315
\column@=\count316
\maxfields@=\count317
\andhelp@=\toks35
\eqnshift@=\dimen185
\alignsep@=\dimen186
\tagshift@=\dimen187
\tagwidth@=\dimen188
\totwidth@=\dimen189
\lineht@=\dimen190
\@envbody=\toks36
\multlinegap=\skip71
\multlinetaggap=\skip72
\mathdisplay@stack=\toks37
LaTeX Info: Redefining \[ on input line 2739.
LaTeX Info: Redefining \] on input line 2740.
)
(/usr/share/texlive/texmf-dist/tex/latex/amsfonts/amsfonts.sty
Package: amsfonts 2013/01/14 v3.01 Basic AMSFonts support
\symAMSa=\mathgroup6
\symAMSb=\mathgroup7
LaTeX Font Info:    Overwriting math alphabet `\mathfrak' in version `bold'
(Font)                  U/euf/m/n --> U/euf/b/n on input line 106.
)
(/usr/share/texlive/texmf-dist/tex/latex/amsfonts/amssymb.sty
Package: amssymb 2013/01/14 v3.01 AMS font symbols
)
(/usr/share/texlive/texmf-dist/tex/latex/amscls/amsthm.sty
Package: amsthm 2015/03/04 v2.20.2
\thm@style=\toks38
\thm@bodyfont=\toks39
\thm@headfont=\toks40
\thm@notefont=\toks41
\thm@headpunct=\toks42
\thm@preskip=\skip73
\thm@postskip=\skip74
\thm@headsep=\skip75
\dth@everypar=\toks43
)
\c@notation=\count318
\c@dummy=\count319
\c@problem=\count320
\c@exerciseT=\count321
\c@exampleT=\count322
\c@vocabulary=\count323
\c@definitionT=\count324

(/usr/share/texlive/texmf-dist/tex/latex/mdframed/mdframed.sty
Package: mdframed 2013/07/01 1.9b: mdframed

(/usr/share/texlive/texmf-dist/tex/latex/l3packages/xparse/xparse.sty
(/usr/share/texlive/texmf-dist/tex/latex/l3kernel/expl3.sty
Package: expl3 2016/05/18 v6512 L3 programming layer (loader) 

(/usr/share/texlive/texmf-dist/tex/latex/l3kernel/expl3-code.tex
Package: expl3 2016/05/18 v6512 L3 programming layer (code)
L3 Module: l3bootstrap 2016/02/12 v6412 L3 Bootstrap code
L3 Module: l3names 2016/03/11 v6433 L3 Namespace for primitives
L3 Module: l3basics 2015/11/22 v6315 L3 Basic definitions
L3 Module: l3expan 2015/09/10 v5983 L3 Argument expansion
L3 Module: l3tl 2016/03/26 v6465 L3 Token lists
L3 Module: l3str 2016/03/24 v6441 L3 Strings
L3 Module: l3seq 2015/08/05 v5777 L3 Sequences and stacks
L3 Module: l3int 2016/03/24 v6441 L3 Integers
\c_max_int=\count325
\l_tmpa_int=\count326
\l_tmpb_int=\count327
\g_tmpa_int=\count328
\g_tmpb_int=\count329
L3 Module: l3quark 2015/08/17 v5855 L3 Quarks
L3 Module: l3prg 2015/11/01 v6216 L3 Control structures
\g__prg_map_int=\count330
L3 Module: l3clist 2015/09/02 v5901 L3 Comma separated lists
L3 Module: l3token 2016/04/03 v6470 L3 Experimental token manipulation
L3 Module: l3prop 2016/01/05 v6366 L3 Property lists
L3 Module: l3msg 2016/03/26 v6464 L3 Messages
L3 Module: l3file 2016/03/25 v6458 L3 File and I/O operations
\l_iow_line_count_int=\count331
\l__iow_target_count_int=\count332
\l__iow_current_line_int=\count333
\l__iow_current_word_int=\count334
\l__iow_current_indentation_int=\count335
L3 Module: l3skip 2016/01/05 v6366 L3 Dimensions and skips
\c_zero_dim=\dimen191
\c_max_dim=\dimen192
\l_tmpa_dim=\dimen193
\l_tmpb_dim=\dimen194
\g_tmpa_dim=\dimen195
\g_tmpb_dim=\dimen196
\c_zero_skip=\skip76
\c_max_skip=\skip77
\l_tmpa_skip=\skip78
\l_tmpb_skip=\skip79
\g_tmpa_skip=\skip80
\g_tmpb_skip=\skip81
\c_zero_muskip=\muskip12
\c_max_muskip=\muskip13
\l_tmpa_muskip=\muskip14
\l_tmpb_muskip=\muskip15
\g_tmpa_muskip=\muskip16
\g_tmpb_muskip=\muskip17
L3 Module: l3keys 2015/11/17 v6284 L3 Key-value interfaces
\g__keyval_level_int=\count336
\l_keys_choice_int=\count337
L3 Module: l3fp 2016/03/26 v6465 L3 Floating points
\c__fp_leading_shift_int=\count338
\c__fp_middle_shift_int=\count339
\c__fp_trailing_shift_int=\count340
\c__fp_big_leading_shift_int=\count341
\c__fp_big_middle_shift_int=\count342
\c__fp_big_trailing_shift_int=\count343
\c__fp_Bigg_leading_shift_int=\count344
\c__fp_Bigg_middle_shift_int=\count345
\c__fp_Bigg_trailing_shift_int=\count346
L3 Module: l3box 2015/08/09 v5822 L3 Experimental boxes
\c_empty_box=\box41
\l_tmpa_box=\box42
\l_tmpb_box=\box43
\g_tmpa_box=\box44
\g_tmpb_box=\box45
L3 Module: l3coffins 2016/05/17 v6508 L3 Coffin code layer
\l__coffin_internal_box=\box46
\l__coffin_internal_dim=\dimen197
\l__coffin_offset_x_dim=\dimen198
\l__coffin_offset_y_dim=\dimen199
\l__coffin_x_dim=\dimen256
\l__coffin_y_dim=\dimen257
\l__coffin_x_prime_dim=\dimen258
\l__coffin_y_prime_dim=\dimen259
\c_empty_coffin=\box47
\l__coffin_aligned_coffin=\box48
\l__coffin_aligned_internal_coffin=\box49
\l_tmpa_coffin=\box50
\l_tmpb_coffin=\box51
\l__coffin_display_coffin=\box52
\l__coffin_display_coord_coffin=\box53
\l__coffin_display_pole_coffin=\box54
\l__coffin_display_offset_dim=\dimen260
\l__coffin_display_x_dim=\dimen261
\l__coffin_display_y_dim=\dimen262
L3 Module: l3color 2014/08/23 v5354 L3 Experimental color support
L3 Module: l3sys 2015/09/25 v6087 L3 Experimental system/runtime functions
L3 Module: l3candidates 2016/05/13 v6484 L3 Experimental additions to l3kernel
\l__box_top_dim=\dimen263
\l__box_bottom_dim=\dimen264
\l__box_left_dim=\dimen265
\l__box_right_dim=\dimen266
\l__box_top_new_dim=\dimen267
\l__box_bottom_new_dim=\dimen268
\l__box_left_new_dim=\dimen269
\l__box_right_new_dim=\dimen270
\l__box_internal_box=\box55
\l__coffin_bounding_shift_dim=\dimen271
\l__coffin_left_corner_dim=\dimen272
\l__coffin_right_corner_dim=\dimen273
\l__coffin_bottom_corner_dim=\dimen274
\l__coffin_top_corner_dim=\dimen275
\l__coffin_scaled_total_height_dim=\dimen276
\l__coffin_scaled_width_dim=\dimen277
L3 Module: l3luatex 2016/03/26 v6465 L3 Experimental LuaTeX-specific functions
)
(/usr/share/texlive/texmf-dist/tex/latex/l3kernel/l3pdfmode.def
File: l3pdfmode.def 2016/03/26 v6465 L3 Experimental driver: PDF mode
\l__driver_color_stack_int=\count347
\l__driver_tmp_box=\box56
))
Package: xparse 2016/05/18 v6512 L3 Experimental document command parser
\l__xparse_current_arg_int=\count348
\l__xparse_m_args_int=\count349
\l__xparse_mandatory_args_int=\count350
\l__xparse_processor_int=\count351
\l__xparse_v_nesting_int=\count352
)
(/usr/share/texlive/texmf-dist/tex/latex/oberdiek/zref-abspage.sty
Package: zref-abspage 2016/05/21 v2.26 Module abspage for zref (HO)

(/usr/share/texlive/texmf-dist/tex/latex/oberdiek/zref-base.sty
Package: zref-base 2016/05/21 v2.26 Module base for zref (HO)

(/usr/share/texlive/texmf-dist/tex/generic/oberdiek/kvdefinekeys.sty
Package: kvdefinekeys 2016/05/16 v1.4 Define keys (HO)
)
(/usr/share/texlive/texmf-dist/tex/latex/oberdiek/auxhook.sty
Package: auxhook 2016/05/16 v1.4 Hooks for auxiliary files (HO)
)
Package zref Info: New property list: main on input line 759.
Package zref Info: New property: default on input line 760.
Package zref Info: New property: page on input line 761.
)
\c@abspage=\count353
Package zref Info: New property: abspage on input line 62.
)
(/usr/share/texlive/texmf-dist/tex/latex/needspace/needspace.sty
Package: needspace 2010/09/12 v1.3d reserve vertical space
)
\mdf@templength=\skip82
\c@mdf@globalstyle@cnt=\count354
\mdf@skipabove@length=\skip83
\mdf@skipbelow@length=\skip84
\mdf@leftmargin@length=\skip85
\mdf@rightmargin@length=\skip86
\mdf@innerleftmargin@length=\skip87
\mdf@innerrightmargin@length=\skip88
\mdf@innertopmargin@length=\skip89
\mdf@innerbottommargin@length=\skip90
\mdf@splittopskip@length=\skip91
\mdf@splitbottomskip@length=\skip92
\mdf@outermargin@length=\skip93
\mdf@innermargin@length=\skip94
\mdf@linewidth@length=\skip95
\mdf@innerlinewidth@length=\skip96
\mdf@middlelinewidth@length=\skip97
\mdf@outerlinewidth@length=\skip98
\mdf@roundcorner@length=\skip99
\mdf@footenotedistance@length=\skip100
\mdf@userdefinedwidth@length=\skip101
\mdf@needspace@length=\skip102
\mdf@frametitleaboveskip@length=\skip103
\mdf@frametitlebelowskip@length=\skip104
\mdf@frametitlerulewidth@length=\skip105
\mdf@frametitleleftmargin@length=\skip106
\mdf@frametitlerightmargin@length=\skip107
\mdf@shadowsize@length=\skip108
\mdf@extratopheight@length=\skip109
\mdf@subtitleabovelinewidth@length=\skip110
\mdf@subtitlebelowlinewidth@length=\skip111
\mdf@subtitleaboveskip@length=\skip112
\mdf@subtitlebelowskip@length=\skip113
\mdf@subtitleinneraboveskip@length=\skip114
\mdf@subtitleinnerbelowskip@length=\skip115
\mdf@subsubtitleabovelinewidth@length=\skip116
\mdf@subsubtitlebelowlinewidth@length=\skip117
\mdf@subsubtitleaboveskip@length=\skip118
\mdf@subsubtitlebelowskip@length=\skip119
\mdf@subsubtitleinneraboveskip@length=\skip120
\mdf@subsubtitleinnerbelowskip@length=\skip121

(/usr/share/texlive/texmf-dist/tex/latex/mdframed/md-frame-0.mdf
File: md-frame-0.mdf 2013/07/01\ 1.9b: md-frame-0
)
\mdf@frametitlebox=\box57
\mdf@footnotebox=\box58
\mdf@splitbox@one=\box59
\mdf@splitbox@two=\box60
\mdf@splitbox@save=\box61
\mdfsplitboxwidth=\skip122
\mdfsplitboxtotalwidth=\skip123
\mdfsplitboxheight=\skip124
\mdfsplitboxdepth=\skip125
\mdfsplitboxtotalheight=\skip126
\mdfframetitleboxwidth=\skip127
\mdfframetitleboxtotalwidth=\skip128
\mdfframetitleboxheight=\skip129
\mdfframetitleboxdepth=\skip130
\mdfframetitleboxtotalheight=\skip131
\mdffootnoteboxwidth=\skip132
\mdffootnoteboxtotalwidth=\skip133
\mdffootnoteboxheight=\skip134
\mdffootnoteboxdepth=\skip135
\mdffootnoteboxtotalheight=\skip136
\mdftotallinewidth=\skip137
\mdfboundingboxwidth=\skip138
\mdfboundingboxtotalwidth=\skip139
\mdfboundingboxheight=\skip140
\mdfboundingboxdepth=\skip141
\mdfboundingboxtotalheight=\skip142
\mdf@freevspace@length=\skip143
\mdf@horizontalwidthofbox@length=\skip144
\mdf@verticalmarginwhole@length=\skip145
\mdf@horizontalspaceofbox=\skip146
\mdfsubtitleheight=\skip147
\mdfsubsubtitleheight=\skip148
\c@mdfcountframes=\count355

****** mdframed patching \endmdf@trivlist

****** -- success******

.................................................
. LaTeX info: "xparse/define-command"
. 
. Defining command \newmdtheoremenv with sig. 'O{} m o m o ' on line 601.
.................................................
.................................................
. LaTeX info: "xparse/define-command"
. 
. Defining command \mdtheorem with sig. ' O{} m o m o ' on line 701.
.................................................
\mdf@envdepth=\count356
\c@mdf@env@i=\count357
\c@mdf@env@ii=\count358
\c@mdf@zref@counter=\count359
Package zref Info: New property: mdf@pagevalue on input line 895.
)
(/usr/share/texlive/texmf-dist/tex/latex/hyperref/hyperref.sty
Package: hyperref 2016/06/24 v6.83q Hypertext links for LaTeX

(/usr/share/texlive/texmf-dist/tex/generic/oberdiek/hobsub-hyperref.sty
Package: hobsub-hyperref 2016/05/16 v1.14 Bundle oberdiek, subset hyperref (HO)


(/usr/share/texlive/texmf-dist/tex/generic/oberdiek/hobsub-generic.sty
Package: hobsub-generic 2016/05/16 v1.14 Bundle oberdiek, subset generic (HO)
Package: hobsub 2016/05/16 v1.14 Construct package bundles (HO)
Package hobsub Info: Skipping package `infwarerr' (already loaded).
Package hobsub Info: Skipping package `ltxcmds' (already loaded).
Package hobsub Info: Skipping package `ifluatex' (already loaded).
Package hobsub Info: Skipping package `ifvtex' (already loaded).
Package: intcalc 2016/05/16 v1.2 Expandable calculations with integers (HO)
Package hobsub Info: Skipping package `ifpdf' (already loaded).
Package hobsub Info: Skipping package `etexcmds' (already loaded).
Package hobsub Info: Skipping package `kvsetkeys' (already loaded).
Package hobsub Info: Skipping package `kvdefinekeys' (already loaded).
Package hobsub Info: Skipping package `pdftexcmds' (already loaded).
Package: pdfescape 2016/05/16 v1.14 Implements pdfTeX's escape features (HO)
Package: bigintcalc 2016/05/16 v1.4 Expandable calculations on big integers (HO
)
Package: bitset 2016/05/16 v1.2 Handle bit-vector datatype (HO)
Package: uniquecounter 2016/05/16 v1.3 Provide unlimited unique counter (HO)
)
Package hobsub Info: Skipping package `hobsub' (already loaded).
Package: letltxmacro 2016/05/16 v1.5 Let assignment for LaTeX macros (HO)
Package: hopatch 2016/05/16 v1.3 Wrapper for package hooks (HO)
Package: xcolor-patch 2016/05/16 xcolor patch
Package: atveryend 2016/05/16 v1.9 Hooks at the very end of document (HO)
Package hobsub Info: Skipping package `atbegshi' (already loaded).
Package: refcount 2016/05/16 v3.5 Data extraction from label references (HO)
Package: hycolor 2016/05/16 v1.8 Color options for hyperref/bookmark (HO)
)
\@linkdim=\dimen278
\Hy@linkcounter=\count360
\Hy@pagecounter=\count361

(/usr/share/texlive/texmf-dist/tex/latex/hyperref/pd1enc.def
File: pd1enc.def 2016/06/24 v6.83q Hyperref: PDFDocEncoding definition (HO)
Now handling font encoding PD1 ...
... no UTF-8 mapping file for font encoding PD1
)
\Hy@SavedSpaceFactor=\count362

(/usr/share/texlive/texmf-dist/tex/latex/latexconfig/hyperref.cfg
File: hyperref.cfg 2002/06/06 v1.2 hyperref configuration of TeXLive
)
Package hyperref Info: Hyper figures OFF on input line 4486.
Package hyperref Info: Link nesting OFF on input line 4491.
Package hyperref Info: Hyper index ON on input line 4494.
Package hyperref Info: Plain pages OFF on input line 4501.
Package hyperref Info: Backreferencing OFF on input line 4506.
Package hyperref Info: Implicit mode ON; LaTeX internals redefined.
Package hyperref Info: Bookmarks ON on input line 4735.
\c@Hy@tempcnt=\count363
LaTeX Info: Redefining \url on input line 5088.
\XeTeXLinkMargin=\dimen279
\Fld@menulength=\count364
\Field@Width=\dimen280
\Fld@charsize=\dimen281
Package hyperref Info: Hyper figures OFF on input line 6342.
Package hyperref Info: Link nesting OFF on input line 6347.
Package hyperref Info: Hyper index ON on input line 6350.
Package hyperref Info: backreferencing OFF on input line 6357.
Package hyperref Info: Link coloring OFF on input line 6362.
Package hyperref Info: Link coloring with OCG OFF on input line 6367.
Package hyperref Info: PDF/A mode OFF on input line 6372.
LaTeX Info: Redefining \ref on input line 6412.
LaTeX Info: Redefining \pageref on input line 6416.
\Hy@abspage=\count365
\c@Item=\count366
\c@Hfootnote=\count367
)

Package hyperref Message: Driver (autodetected): hpdftex.

(/usr/share/texlive/texmf-dist/tex/latex/hyperref/hpdftex.def
File: hpdftex.def 2016/06/24 v6.83q Hyperref driver for pdfTeX
\HyAnn@Count=\count368
\Fld@listcount=\count369
\c@bookmark@seq@number=\count370

(/usr/share/texlive/texmf-dist/tex/latex/oberdiek/rerunfilecheck.sty
Package: rerunfilecheck 2016/05/16 v1.8 Rerun checks for auxiliary files (HO)
Package uniquecounter Info: New unique counter `rerunfilecheck' on input line 2
82.
)
\Hy@SectionHShift=\skip149
)

Package hyperref Warning: Option `backref' has already been used,
(hyperref)                setting the option has no effect on input line 292.


Package hyperref Warning: Option `pagebackref' has already been used,
(hyperref)                setting the option has no effect on input line 292.


Package hyperref Warning: Option `hyperindex' has already been used,
(hyperref)                setting the option has no effect on input line 292.

Package hyperref Info: Option `colorlinks' set `false' on input line 292.
Package hyperref Info: Option `breaklinks' set `true' on input line 292.

Package hyperref Warning: Option `bookmarks' has already been used,
(hyperref)                setting the option has no effect on input line 292.

Package hyperref Info: Option `bookmarksopen' set `false' on input line 292.
)
Package biblatex Info: Trying to load language 'english'...
Package biblatex Info: ... file 'english.lbx' found.
 (/usr/share/texlive/texmf-dist/tex/latex/biblatex/lbx/english.lbx
File: english.lbx 2016/05/14 v3.4 biblatex localization (PK/JW/AB)
)

Package biblatex Warning: 'babel/polyglossia' detected but 'csquotes' missing.
(biblatex)                Loading 'csquotes' recommended.

\@quotelevel=\count371
\@quotereset=\count372
(./main.aux)
\openout1 = `main.aux'.

LaTeX Font Info:    Checking defaults for OML/cmm/m/it on input line 38.
LaTeX Font Info:    ... okay on input line 38.
LaTeX Font Info:    Checking defaults for T1/cmr/m/n on input line 38.
LaTeX Font Info:    ... okay on input line 38.
LaTeX Font Info:    Checking defaults for OT1/cmr/m/n on input line 38.
LaTeX Font Info:    ... okay on input line 38.
LaTeX Font Info:    Checking defaults for OMS/cmsy/m/n on input line 38.
LaTeX Font Info:    ... okay on input line 38.
LaTeX Font Info:    Checking defaults for OMX/cmex/m/n on input line 38.
LaTeX Font Info:    ... okay on input line 38.
LaTeX Font Info:    Checking defaults for U/cmr/m/n on input line 38.
LaTeX Font Info:    ... okay on input line 38.
LaTeX Font Info:    Checking defaults for PD1/pdf/m/n on input line 38.
LaTeX Font Info:    ... okay on input line 38.
LaTeX Font Info:    Try loading font information for T1+ptm on input line 38.
 (/usr/share/texlive/texmf-dist/tex/latex/psnfss/t1ptm.fd
File: t1ptm.fd 2001/06/04 font definitions for T1/ptm.
)
*geometry* driver: auto-detecting
*geometry* detected driver: pdftex
*geometry* verbose mode - [ preamble ] result:
* driver: pdftex
* paper: letterpaper
* layout: <same size as paper>
* layoutoffset:(h,v)=(0.0pt,0.0pt)
* modes: twoside 
* h-part:(L,W,R)=(91.04872pt, 432.19756pt, 91.04872pt)
* v-part:(T,H,B)=(85.35826pt, 624.25346pt, 85.35826pt)
* \paperwidth=614.295pt
* \paperheight=794.96999pt
* \textwidth=432.19756pt
* \textheight=624.25346pt
* \oddsidemargin=18.77873pt
* \evensidemargin=18.77873pt
* \topmargin=-8.91173pt
* \headheight=14.5pt
* \headsep=10.0pt
* \topskip=11.0pt
* \footskip=27.46295pt
* \marginparwidth=116.0pt
* \marginparsep=7.0pt
* \columnsep=10.0pt
* \skip\footins=10.0pt plus 4.0pt minus 2.0pt
* \hoffset=0.0pt
* \voffset=0.0pt
* \mag=1000
* \@twocolumnfalse
* \@twosidetrue
* \@mparswitchtrue
* \@reversemarginfalse
* (1in=72.27pt=25.4mm, 1cm=28.453pt)

(/usr/share/texlive/texmf-dist/tex/context/base/mkii/supp-pdf.mkii
[Loading MPS to PDF converter (version 2006.09.02).]
\scratchcounter=\count373
\scratchdimen=\dimen282
\scratchbox=\box62
\nofMPsegments=\count374
\nofMParguments=\count375
\everyMPshowfont=\toks44
\MPscratchCnt=\count376
\MPscratchDim=\dimen283
\MPnumerator=\count377
\makeMPintoPDFobject=\count378
\everyMPtoPDFconversion=\toks45
) (/usr/share/texlive/texmf-dist/tex/latex/oberdiek/epstopdf-base.sty
Package: epstopdf-base 2016/05/15 v2.6 Base part for package epstopdf

(/usr/share/texlive/texmf-dist/tex/latex/oberdiek/grfext.sty
Package: grfext 2016/05/16 v1.2 Manage graphics extensions (HO)
)
Package epstopdf-base Info: Redefining graphics rule for `.eps' on input line 4
38.
Package grfext Info: Graphics extension search list:
(grfext)             [.png,.pdf,.jpg,.mps,.jpeg,.jbig2,.jb2,.PNG,.PDF,.JPG,.JPE
G,.JBIG2,.JB2,.eps]
(grfext)             \AppendGraphicsExtensions on input line 456.

(/usr/share/texlive/texmf-dist/tex/latex/latexconfig/epstopdf-sys.cfg
File: epstopdf-sys.cfg 2010/07/13 v1.3 Configuration of (r)epstopdf for TeX Liv
e
))
LaTeX Info: Redefining \microtypecontext on input line 38.
Package microtype Info: Generating PDF output.
Package microtype Info: Character protrusion enabled (level 2).
Package microtype Info: Using default protrusion set `alltext'.
Package microtype Info: Automatic font expansion enabled (level 2),
(microtype)             stretch: 20, shrink: 20, step: 1, non-selected.
Package microtype Info: Using default expansion set `basictext'.
Package microtype Info: No adjustment of tracking.
Package microtype Info: No adjustment of interword spacing.
Package microtype Info: No adjustment of character kerning.

(/usr/share/texlive/texmf-dist/tex/latex/microtype/mt-ptm.cfg
File: mt-ptm.cfg 2006/04/20 v1.7 microtype config. file: Times (RS)
)
Package biblatex Info: Input encoding 'utf8' detected.
Package biblatex Info: Automatic encoding selection.
(biblatex)             Assuming data encoding 'utf8'.
\openout4 = `main.bcf'.

Package biblatex Info: Trying to load bibliographic data...
Package biblatex Info: ... file 'main.bbl' found.
 (./main.bbl)
Package biblatex Info: Reference section=0 on input line 38.
Package biblatex Info: Reference segment=0 on input line 38.

ABD: EveryShipout initializing macros
\AtBeginShipoutBox=\box63
Package hyperref Info: Link coloring OFF on input line 38.

(/usr/share/texlive/texmf-dist/tex/latex/hyperref/nameref.sty
Package: nameref 2016/05/21 v2.44 Cross-referencing by name of section

(/usr/share/texlive/texmf-dist/tex/generic/oberdiek/gettitlestring.sty
Package: gettitlestring 2016/05/16 v1.5 Cleanup title references (HO)
)
\c@section@level=\count379
)
LaTeX Info: Redefining \ref on input line 38.
LaTeX Info: Redefining \pageref on input line 38.
LaTeX Info: Redefining \nameref on input line 38.

(./main.out) (./main.out)
\@outlinefile=\write6
\openout6 = `main.out'.

LaTeX Font Info:    Try loading font information for T1+pag on input line 49.

(/usr/share/texlive/texmf-dist/tex/latex/psnfss/t1pag.fd
File: t1pag.fd 2001/06/04 font definitions for T1/pag.
)
Package microtype Info: Loading generic settings for font family
(microtype)             `pag' (encoding: T1).
(microtype)             For optimal results, create family-specific settings.
(microtype)             See the microtype manual for details.
LaTeX Font Info:    Font shape `T1/pag/bx/n' in size <35> not available
(Font)              Font shape `T1/pag/b/n' tried instead on input line 50.
LaTeX Font Info:    Font shape `T1/pag/b/n' in size <35> not available
(Font)              Font shape `T1/pag/db/n' tried instead on input line 50.

<Pictures/esahubble.png, id=107, 614.295pt x 794.97pt>
File: Pictures/esahubble.png Graphic file (type png)

<use Pictures/esahubble.png>
Package pdftex.def Info: Pictures/esahubble.png used on input line 60.
(pdftex.def)             Requested size: 767.86685pt x 993.71007pt.
 [1

{/var/lib/texmf/fonts/map/pdftex/updmap/pdftex.map} <./Pictures/esahubble.png>]

Underfull \hbox (badness 10000) in paragraph at lines 66--67

 []


Underfull \hbox (badness 10000) in paragraph at lines 68--69

 []


Underfull \hbox (badness 10000) in paragraph at lines 70--71

 []

[2] <Pictures/head1.png, id=121, 1027.6794pt x 514.0806pt>
File: Pictures/head1.png Graphic file (type png)

<use Pictures/head1.png>
Package pdftex.def Info: Pictures/head1.png used on input line 82.
(pdftex.def)             Requested size: 614.295pt x 307.30548pt.
LaTeX Font Info:    Font shape `T1/pag/bx/n' in size <20.74> not available
(Font)              Font shape `T1/pag/b/n' tried instead on input line 82.
LaTeX Font Info:    Font shape `T1/pag/b/n' in size <20.74> not available
(Font)              Font shape `T1/pag/db/n' tried instead on input line 82.
 (./main.toc
LaTeX Font Info:    Font shape `T1/pag/bx/n' in size <12> not available
(Font)              Font shape `T1/pag/b/n' tried instead on input line 5.
LaTeX Font Info:    Font shape `T1/pag/b/n' in size <12> not available
(Font)              Font shape `T1/pag/db/n' tried instead on input line 5.
LaTeX Font Info:    Font shape `T1/pag/bx/n' in size <14.4> not available
(Font)              Font shape `T1/pag/b/n' tried instead on input line 5.
LaTeX Font Info:    Font shape `T1/pag/b/n' in size <14.4> not available
(Font)              Font shape `T1/pag/db/n' tried instead on input line 5.
LaTeX Font Info:    Font shape `T1/pag/bx/n' in size <10.95> not available
(Font)              Font shape `T1/pag/b/n' tried instead on input line 5.
LaTeX Font Info:    Font shape `T1/pag/b/n' in size <10.95> not available
(Font)              Font shape `T1/pag/db/n' tried instead on input line 5.

Underfull \vbox (badness 1082) has occurred while \output is active []

 [3

 <./Pictures/head1.png>])
\tf@toc=\write7
\openout7 = `main.toc'.

 [4]
Chapter 1.
\c@ttl@toc@default=\count380
<Pictures/head2.png, id=181, 1027.6794pt x 514.0806pt>
File: Pictures/head2.png Graphic file (type png)

<use Pictures/head2.png>
Package pdftex.def Info: Pictures/head2.png used on input line 94.
(pdftex.def)             Requested size: 614.295pt x 307.30548pt.
 [5

 <./Pictures/head2.png>]
LaTeX Font Info:    Try loading font information for OMS+ptm on input line 112.


(/usr/share/texlive/texmf-dist/tex/latex/psnfss/omsptm.fd
File: omsptm.fd 
)
LaTeX Font Info:    Font shape `OMS/ptm/m/n' in size <10.95> not available
(Font)              Font shape `OMS/cmsy/m/n' tried instead on input line 112.
LaTeX Font Info:    Font shape `T1/ptm/bx/n' in size <10.95> not available
(Font)              Font shape `T1/ptm/b/n' tried instead on input line 118.
LaTeX Font Info:    Try loading font information for T1+cmtt on input line 127.


(/usr/share/texlive/texmf-dist/tex/latex/base/t1cmtt.fd
File: t1cmtt.fd 2014/09/29 v2.5h Standard LaTeX font definitions
)
Package microtype Info: Loading generic settings for font family
(microtype)             `cmtt' (encoding: T1).
(microtype)             For optimal results, create family-specific settings.
(microtype)             See the microtype manual for details.
LaTeX Font Info:    Try loading font information for OT1+ztmcm on input line 12
7.

(/usr/share/texlive/texmf-dist/tex/latex/psnfss/ot1ztmcm.fd
File: ot1ztmcm.fd 2000/01/03 Fontinst v1.801 font definitions for OT1/ztmcm.
)
Package microtype Info: Loading generic settings for font family
(microtype)             `ztmcm' (encoding: OT1).
(microtype)             For optimal results, create family-specific settings.
(microtype)             See the microtype manual for details.
LaTeX Font Info:    Try loading font information for OML+ztmcm on input line 12
7.

(/usr/share/texlive/texmf-dist/tex/latex/psnfss/omlztmcm.fd
File: omlztmcm.fd 2000/01/03 Fontinst v1.801 font definitions for OML/ztmcm.
)
LaTeX Font Info:    Try loading font information for OMS+ztmcm on input line 12
7.

(/usr/share/texlive/texmf-dist/tex/latex/psnfss/omsztmcm.fd
File: omsztmcm.fd 2000/01/03 Fontinst v1.801 font definitions for OMS/ztmcm.
)
LaTeX Font Info:    Try loading font information for OMX+ztmcm on input line 12
7.

(/usr/share/texlive/texmf-dist/tex/latex/psnfss/omxztmcm.fd
File: omxztmcm.fd 2000/01/03 Fontinst v1.801 font definitions for OMX/ztmcm.
)
LaTeX Font Info:    Try loading font information for OT1+ptm on input line 127.


(/usr/share/texlive/texmf-dist/tex/latex/psnfss/ot1ptm.fd
File: ot1ptm.fd 2001/06/04 font definitions for OT1/ptm.
)
LaTeX Font Info:    Font shape `OT1/ptm/bx/n' in size <10.95> not available
(Font)              Font shape `OT1/ptm/b/n' tried instead on input line 127.
LaTeX Font Info:    Font shape `OT1/ptm/bx/n' in size <8> not available
(Font)              Font shape `OT1/ptm/b/n' tried instead on input line 127.
LaTeX Font Info:    Font shape `OT1/ptm/bx/n' in size <6> not available
(Font)              Font shape `OT1/ptm/b/n' tried instead on input line 127.

(/usr/share/texlive/texmf-dist/tex/latex/microtype/mt-msa.cfg
File: mt-msa.cfg 2006/02/04 v1.1 microtype config. file: AMS symbols (a) (RS)
)
(/usr/share/texlive/texmf-dist/tex/latex/microtype/mt-msb.cfg
File: mt-msb.cfg 2005/06/01 v1.0 microtype config. file: AMS symbols (b) (RS)
)
LaTeX Font Info:    Font shape `T1/pag/bx/n' in size <10> not available
(Font)              Font shape `T1/pag/b/n' tried instead on input line 134.
LaTeX Font Info:    Font shape `T1/pag/b/n' in size <10> not available
(Font)              Font shape `T1/pag/db/n' tried instead on input line 134.
LaTeX Font Info:    Font shape `T1/ptm/bx/n' in size <10> not available
(Font)              Font shape `T1/ptm/b/n' tried instead on input line 135.
 [6]
Chapter 2.
<Pictures/band1.png, id=195, 1027.6794pt x 514.0806pt>
File: Pictures/band1.png Graphic file (type png)

<use Pictures/band1.png>
Package pdftex.def Info: Pictures/band1.png used on input line 146.
(pdftex.def)             Requested size: 614.295pt x 307.30548pt.
LaTeX Font Info:    Font shape `OT1/ptm/bx/n' in size <9> not available
(Font)              Font shape `OT1/ptm/b/n' tried instead on input line 149.
LaTeX Font Info:    Font shape `OT1/ptm/bx/n' in size <7> not available
(Font)              Font shape `OT1/ptm/b/n' tried instead on input line 149.
LaTeX Font Info:    Font shape `OT1/ptm/bx/n' in size <5> not available
(Font)              Font shape `OT1/ptm/b/n' tried instead on input line 149.

<Pictures/ha-gray-conv-crp.jpg, id=197, 7216.9625pt x 3587.4025pt>
File: Pictures/ha-gray-conv-crp.jpg Graphic file (type jpg)

<use Pictures/ha-gray-conv-crp.jpg>
Package pdftex.def Info: Pictures/ha-gray-conv-crp.jpg used on input line 152.
(pdftex.def)             Requested size: 332.79396pt x 165.42212pt.

<Pictures/combo.jpg, id=199, 322.20375pt x 482.80376pt>
File: Pictures/combo.jpg Graphic file (type jpg)

<use Pictures/combo.jpg>
Package pdftex.def Info: Pictures/combo.jpg used on input line 163.
(pdftex.def)             Requested size: 159.91098pt x 239.62584pt.

Underfull \vbox (badness 6001) has occurred while \output is active []

 [7

 <./Pictures/band1.png> <./Pictures/ha-gray-conv-crp.jpg>]
LaTeX Font Info:    Font shape `OT1/ptm/bx/n' in size <10> not available
(Font)              Font shape `OT1/ptm/b/n' tried instead on input line 170.
LaTeX Font Info:    Font shape `OT1/ptm/bx/n' in size <7.4> not available
(Font)              Font shape `OT1/ptm/b/n' tried instead on input line 170.

Overfull \hbox (3.84067pt too wide) in paragraph at lines 169--172
\T1/cmtt/m/n/10 / / github . com / LaurethTeX / Clustering / blob / master / Me
thods . md$[]\T1/ptm/m/n/10 (-20) , also there is a huge
 []

LaTeX Font Info:    Font shape `OMS/ptm/m/n' in size <10> not available
(Font)              Font shape `OMS/cmsy/m/n' tried instead on input line 172.

Overfull \hbox (91.6107pt too wide) in paragraph at lines 173--174
[]$\T1/cmtt/m/n/10 http : / / peekaboo-[]vision . blogspot . ca / 2012 / 09 / s
egmentation-[]algorithms-[]in-[]scikits-[]image .
 []

[8 <./Pictures/combo.jpg>] <Pictures/fig_PCA.png, id=220, 361.35pt x 361.35pt>
File: Pictures/fig_PCA.png Graphic file (type png)

<use Pictures/fig_PCA.png>
Package pdftex.def Info: Pictures/fig_PCA.png used on input line 189.
(pdftex.def)             Requested size: 159.91098pt x 159.90977pt.


LaTeX Warning: Command \textquoteright invalid in math mode on input line 190.


LaTeX Warning: Command \textquoteright invalid in math mode on input line 190.


LaTeX Warning: Command \textquoteright invalid in math mode on input line 190.


LaTeX Warning: Command \textquoteright invalid in math mode on input line 190.

<Pictures/nphoton.jpg, id=224, 652.4375pt x 293.095pt>
File: Pictures/nphoton.jpg Graphic file (type jpg)

<use Pictures/nphoton.jpg>
Package pdftex.def Info: Pictures/nphoton.jpg used on input line 210.
(pdftex.def)             Requested size: 246.35576pt x 110.67062pt.

<Pictures/data.jpg, id=225, 335.2525pt x 358.33875pt>
File: Pictures/data.jpg Graphic file (type jpg)
 <use Pictures/data.jpg>
Package pdftex.def Info: Pictures/data.jpg used on input line 211.
(pdftex.def)             Requested size: 116.69518pt x 124.73149pt.


LaTeX Warning: `h' float specifier changed to `ht'.

<Pictures/nine.jpg, id=226, 1407.2575pt x 904.37875pt>
File: Pictures/nine.jpg Graphic file (type jpg)
 <use Pictures/nine.jpg>
Package pdftex.def Info: Pictures/nine.jpg used on input line 219.
(pdftex.def)             Requested size: 376.00975pt x 241.63258pt.

[9 <./Pictures/fig_PCA.png>]
Underfull \vbox (badness 10000) has occurred while \output is active []

 [10 <./Pictures/nphoton.jpg> <./Pictures/data.jpg>]
<Pictures/Screenshot.png, id=242, 1683.28876pt x 951.555pt>
File: Pictures/Screenshot.png Graphic file (type png)

<use Pictures/Screenshot.png>
Package pdftex.def Info: Pictures/Screenshot.png used on input line 275.
(pdftex.def)             Requested size: 376.00975pt x 212.55156pt.


LaTeX Warning: `h' float specifier changed to `ht'.

[11 <./Pictures/nine.jpg>]
Underfull \vbox (badness 1320) has occurred while \output is active []

 [12 <./Pictures/Screenshot.png>] [13]
Overfull \hbox (0.10748pt too wide) in paragraph at lines 327--328
\T1/ptm/m/n/10.95 (-20) In this link ([]$\T1/cmtt/m/n/10.95 https : / / github 
. com / LaurethTeX / Clustering / blob / master / Tools .
 []


Underfull \hbox (badness 10000) in paragraph at lines 331--332

 []


Underfull \hbox (badness 10000) in paragraph at lines 337--338

 []

[14]
Chapter 3.
<Pictures/boat.png, id=295, 1027.6794pt x 514.0806pt>
File: Pictures/boat.png Graphic file (type png)
 <use Pictures/boat.png>
Package pdftex.def Info: Pictures/boat.png used on input line 347.
(pdftex.def)             Requested size: 614.295pt x 307.30548pt.

[15

 <./Pictures/boat.png>]
<Pictures/conv.jpg, id=304, 1684.2925pt x 638.385pt>
File: Pictures/conv.jpg Graphic file (type jpg)
 <use Pictures/conv.jpg>
Package pdftex.def Info: Pictures/conv.jpg used on input line 396.
(pdftex.def)             Requested size: 376.00975pt x 142.51021pt.


LaTeX Warning: `h' float specifier changed to `ht'.


LaTeX Warning: `h' float specifier changed to `ht'.

<Pictures/uno.jpg, id=306, 5018.75pt x 8531.875pt>
File: Pictures/uno.jpg Graphic file (type jpg)
 <use Pictures/uno.jpg>
Package pdftex.def Info: Pictures/uno.jpg used on input line 437.
(pdftex.def)             Requested size: 203.13338pt x 345.25264pt.


LaTeX Warning: `h' float specifier changed to `ht'.

[16] [17 <./Pictures/conv.jpg>]
Underfull \vbox (badness 10000) has occurred while \output is active []

 [18 <./Pictures/uno.jpg>]
Overfull \hbox (29.44592pt too wide) in paragraph at lines 476--477
[]\T1/ptm/m/n/10 (-20) Astropy, Con-vo-lu-tion and fil-ter-ing, []$\T1/cmtt/m/n
/10 http : / / docs . astropy . org / en / stable / convolution /
 []

[19] [20

]
Chapter 4.
File: Pictures/head1.png Graphic file (type png)
<use Pictures/head1.png>
Package pdftex.def Info: Pictures/head1.png used on input line 491.
(pdftex.def)             Requested size: 614.295pt x 307.30548pt.
 [21]

LaTeX Warning: `!h' float specifier changed to `!ht'.


LaTeX Warning: `!h' float specifier changed to `!ht'.

<Pictures/Histogram_train2.png, id=355, 401.5pt x 301.125pt>
File: Pictures/Histogram_train2.png Graphic file (type png)

<use Pictures/Histogram_train2.png>
Package pdftex.def Info: Pictures/Histogram_train2.png used on input line 571.
(pdftex.def)             Requested size: 203.13338pt x 152.35408pt.


LaTeX Warning: `!h' float specifier changed to `!ht'.


LaTeX Warning: `!h' float specifier changed to `!ht'.


LaTeX Warning: `!h' float specifier changed to `!ht'.

[22]

LaTeX Warning: Text page 23 contains only floats.

[23 <./Pictures/Histogram_train2.png>]
<Pictures/Histogram-halpha1.png, id=378, 401.5pt x 301.125pt>
File: Pictures/Histogram-halpha1.png Graphic file (type png)

<use Pictures/Histogram-halpha1.png>
Package pdftex.def Info: Pictures/Histogram-halpha1.png used on input line 636.

(pdftex.def)             Requested size: 133.98018pt x 100.48808pt.

<Pictures/Histogram-uvwide-2.png, id=379, 401.5pt x 301.125pt>
File: Pictures/Histogram-uvwide-2.png Graphic file (type png)

<use Pictures/Histogram-uvwide-2.png>
Package pdftex.def Info: Pictures/Histogram-uvwide-2.png used on input line 637
.
(pdftex.def)             Requested size: 133.98018pt x 100.48808pt.

<Pictures/Histogram-iband3.png, id=380, 401.5pt x 301.125pt>
File: Pictures/Histogram-iband3.png Graphic file (type png)

<use Pictures/Histogram-iband3.png>
Package pdftex.def Info: Pictures/Histogram-iband3.png used on input line 638.
(pdftex.def)             Requested size: 133.98018pt x 100.48808pt.


LaTeX Warning: `!h' float specifier changed to `!ht'.

[24 <./Pictures/Histogram-halpha1.png> <./Pictures/Histogram-uvwide-2.png> <./P
ictures/Histogram-iband3.png>]
<Pictures/small_ex.png, id=394, 632.3625pt x 481.8pt>
File: Pictures/small_ex.png Graphic file (type png)

<use Pictures/small_ex.png>
Package pdftex.def Info: Pictures/small_ex.png used on input line 688.
(pdftex.def)             Requested size: 224.74457pt x 171.22766pt.


LaTeX Warning: `!h' float specifier changed to `!ht'.

<Pictures/Small-train2.png, id=398, 401.5pt x 301.125pt>
File: Pictures/Small-train2.png Graphic file (type png)

<use Pictures/Small-train2.png>
Package pdftex.def Info: Pictures/Small-train2.png used on input line 719.
(pdftex.def)             Requested size: 133.98018pt x 100.48808pt.

<Pictures/Small-train3.png, id=399, 401.5pt x 301.125pt>
File: Pictures/Small-train3.png Graphic file (type png)

<use Pictures/Small-train3.png>
Package pdftex.def Info: Pictures/Small-train3.png used on input line 720.
(pdftex.def)             Requested size: 133.98018pt x 100.48808pt.

<Pictures/Small-train6.png, id=400, 401.5pt x 301.125pt>
File: Pictures/Small-train6.png Graphic file (type png)

<use Pictures/Small-train6.png>
Package pdftex.def Info: Pictures/Small-train6.png used on input line 721.
(pdftex.def)             Requested size: 133.98018pt x 100.48808pt.


LaTeX Warning: `!h' float specifier changed to `!ht'.

<Pictures/matrix2-01.png, id=401, 602.25pt x 602.25pt>
File: Pictures/matrix2-01.png Graphic file (type png)

<use Pictures/matrix2-01.png>
Package pdftex.def Info: Pictures/matrix2-01.png used on input line 728.
(pdftex.def)             Requested size: 133.98018pt x 133.97493pt.

<Pictures/Small-train3-matrix.png, id=402, 602.25pt x 602.25pt>
File: Pictures/Small-train3-matrix.png Graphic file (type png)

<use Pictures/Small-train3-matrix.png>
Package pdftex.def Info: Pictures/Small-train3-matrix.png used on input line 72
9.
(pdftex.def)             Requested size: 133.98018pt x 133.97493pt.

<Pictures/matri6-01.png, id=403, 602.25pt x 602.25pt>
File: Pictures/matri6-01.png Graphic file (type png)

<use Pictures/matri6-01.png>
Package pdftex.def Info: Pictures/matri6-01.png used on input line 730.
(pdftex.def)             Requested size: 133.98018pt x 133.97493pt.


LaTeX Warning: `!h' float specifier changed to `!ht'.

[25] [26 <./Pictures/small_ex.png> <./Pictures/Small-train2.png> <./Pictures/Sm
all-train3.png> <./Pictures/Small-train6.png> <./Pictures/matrix2-01.png

pdfTeX warning: pdflatex (file ./Pictures/matrix2-01.png): large interlaced PNG
 might cause out of memory (use non-interlaced PNG to fix this)
> <./Pictures/Small-train3-matrix.png> <./Pictures/matri6-01.png

pdfTeX warning: pdflatex (file ./Pictures/matri6-01.png): large interlaced PNG 
might cause out of memory (use non-interlaced PNG to fix this)
>]
\tf@ptc=\write8
\openout8 = `main.ptc'.

 [27]
Package atveryend Info: Empty hook `BeforeClearDocument' on input line 773.
Package atveryend Info: Empty hook `AfterLastShipout' on input line 773.
 (./main.aux)
Package atveryend Info: Executing hook `AtVeryEndDocument' on input line 773.
Package atveryend Info: Executing hook `AtEndAfterFileList' on input line 773.
Package rerunfilecheck Info: File `main.out' has not changed.
(rerunfilecheck)             Checksum: A26C285A4153F0C0DE8C8F1AFDF1E301;1605.
Package logreq Info: Writing requests to 'main.run.xml'.
\openout1 = `main.run.xml'.

 )
(\end occurred inside a group at level 1)

### simple group (level 1) entered at line 737 ({)
### bottom level 
Here is how much of TeX's memory you used:
 34234 strings out of 493013
 632001 string characters out of 6135682
 1171311 words of memory out of 5000000
 36839 multiletter control sequences out of 15000+600000
 115348 words of font info for 317 fonts, out of 8000000 for 9000
 1141 hyphenation exceptions out of 8191
 57i,12n,57p,10507b,2009s stack positions out of 5000i,500n,10000p,200000b,80000s
{/usr/share/texmf/fonts/enc/dvips/cm-super/cm-super-t1.enc}{/us
r/share/texlive/texmf-dist/fonts/enc/dvips/base/8r.enc}</usr/share/texlive/texm
f-dist/fonts/type1/public/amsfonts/cm/cmsy10.pfb></usr/share/texmf/fonts/type1/
public/cm-super/sftt1000.pfb></usr/share/texmf/fonts/type1/public/cm-super/sftt
1095.pfb></usr/share/texlive/texmf-dist/fonts/type1/urw/avantgar/uagd8a.pfb></u
sr/share/texlive/texmf-dist/fonts/type1/urw/avantgar/uagk8a.pfb></usr/share/tex
live/texmf-dist/fonts/type1/urw/symbol/usyr.pfb></usr/share/texlive/texmf-dist/
fonts/type1/urw/times/utmb8a.pfb></usr/share/texlive/texmf-dist/fonts/type1/urw
/times/utmr8a.pfb></usr/share/texlive/texmf-dist/fonts/type1/urw/times/utmri8a.
pfb>
Output written on main.pdf (27 pages, 41497732 bytes).
PDF statistics:
 491 PDF objects out of 1000 (max. 8388607)
 386 compressed objects within 4 object streams
 88 named destinations out of 1000 (max. 500000)
 62290 words of extra memory for PDF output out of 74296 (max. 10000000)

